#-----------------------------------------------------------
# Vivado v2019.1 (64-bit)
# SW Build 2552052 on Fri May 24 14:49:42 MDT 2019
# IP Build 2548770 on Fri May 24 18:01:18 MDT 2019
# Start of session at: Wed Feb  8 18:07:04 2023
# Process ID: 12100
# Current directory: C:/Users/19722/Desktop/project_2
# Command line: vivado.exe -gui_launcher_event rodinguilauncherevent3252 C:\Users\19722\Desktop\project_2\project_2.xpr
# Log file: C:/Users/19722/Desktop/project_2/vivado.log
# Journal file: C:/Users/19722/Desktop/project_2\vivado.jou
#-----------------------------------------------------------
start_gui
open_project C:/Users/19722/Desktop/project_2/project_2.xpr
Scanning sources...
Finished scanning sources
INFO: [IP_Flow 19-234] Refreshing IP repositories
INFO: [IP_Flow 19-1704] No user IP repositories specified
INFO: [IP_Flow 19-2313] Loaded Vivado IP repository 'C:/Xilinx/Vivado/2019.1/data/ip'.
open_project: Time (s): cpu = 00:00:23 ; elapsed = 00:00:08 . Memory (MB): peak = 712.746 ; gain = 63.664
update_compile_order -fileset sources_1
