#-----------------------------------------------------------
# Vivado v2019.1 (64-bit)
# SW Build 2552052 on Fri May 24 14:49:42 MDT 2019
# IP Build 2548770 on Fri May 24 18:01:18 MDT 2019
# Start of session at: Thu Jan 19 12:51:27 2023
# Process ID: 6192
# Current directory: C:/Users/19722/Desktop/project_2
# Command line: vivado.exe -gui_launcher_event rodinguilauncherevent4584 C:\Users\19722\Desktop\project_2\project_2.xpr
# Log file: C:/Users/19722/Desktop/project_2/vivado.log
# Journal file: C:/Users/19722/Desktop/project_2\vivado.jou
#-----------------------------------------------------------
start_gui
open_project C:/Users/19722/Desktop/project_2/project_2.xpr
Scanning sources...
Finished scanning sources
INFO: [IP_Flow 19-234] Refreshing IP repositories
INFO: [IP_Flow 19-1704] No user IP repositories specified
INFO: [IP_Flow 19-2313] Loaded Vivado IP repository 'C:/Xilinx/Vivado/2019.1/data/ip'.
open_project: Time (s): cpu = 00:00:15 ; elapsed = 00:00:06 . Memory (MB): peak = 725.285 ; gain = 68.359
update_compile_order -fileset sources_1
update_compile_order -fileset sources_1
close [ open C:/Users/19722/Desktop/project_2/project_2.srcs/sources_1/new/Mux4to1.v w ]
add_files C:/Users/19722/Desktop/project_2/project_2.srcs/sources_1/new/Mux4to1.v
update_compile_order -fileset sources_1
update_compile_order -fileset sources_1
update_compile_order -fileset sources_1
close [ open C:/Users/19722/Desktop/project_2/project_2.srcs/sources_1/new/Mux8_1.v w ]
add_files C:/Users/19722/Desktop/project_2/project_2.srcs/sources_1/new/Mux8_1.v
update_compile_order -fileset sources_1
export_ip_user_files -of_objects  [get_files C:/Users/19722/Desktop/project_2/project_2.srcs/sources_1/new/Digsel.v] -no_script -reset -force -quiet
remove_files  C:/Users/19722/Desktop/project_2/project_2.srcs/sources_1/new/Digsel.v
file delete -force C:/Users/19722/Desktop/project_2/project_2.srcs/sources_1/new/Digsel.v
