#-----------------------------------------------------------
# Vivado v2019.1 (64-bit)
# SW Build 2552052 on Fri May 24 14:49:42 MDT 2019
# IP Build 2548770 on Fri May 24 18:01:18 MDT 2019
# Start of session at: Wed Feb 22 00:19:01 2023
# Process ID: 24428
# Current directory: C:/Users/19722/Desktop/project_2
# Command line: vivado.exe -gui_launcher_event rodinguilauncherevent20588 C:\Users\19722\Desktop\project_2\project_2.xpr
# Log file: C:/Users/19722/Desktop/project_2/vivado.log
# Journal file: C:/Users/19722/Desktop/project_2\vivado.jou
#-----------------------------------------------------------
start_gui
open_project C:/Users/19722/Desktop/project_2/project_2.xpr
Scanning sources...
Finished scanning sources
INFO: [IP_Flow 19-234] Refreshing IP repositories
INFO: [IP_Flow 19-1704] No user IP repositories specified
INFO: [IP_Flow 19-2313] Loaded Vivado IP repository 'C:/Xilinx/Vivado/2019.1/data/ip'.
open_project: Time (s): cpu = 00:00:15 ; elapsed = 00:00:06 . Memory (MB): peak = 742.016 ; gain = 110.758
update_compile_order -fileset sources_1
reset_run synth_1
launch_runs impl_1 -to_step write_bitstream -jobs 12
[Wed Feb 22 00:19:55 2023] Launched synth_1...
Run output will be captured here: C:/Users/19722/Desktop/project_2/project_2.runs/synth_1/runme.log
[Wed Feb 22 00:19:55 2023] Launched impl_1...
Run output will be captured here: C:/Users/19722/Desktop/project_2/project_2.runs/impl_1/runme.log
open_hw
connect_hw_server
INFO: [Labtools 27-2285] Connecting to hw_server url TCP:localhost:3121
open_hw_target
INFO: [Labtoolstcl 44-466] Opening hw_target localhost:3121/xilinx_tcf/Digilent/210183ACAAB7A
open_hw_target: Time (s): cpu = 00:00:05 ; elapsed = 00:00:05 . Memory (MB): peak = 1878.520 ; gain = 1104.199
set_property PROGRAM.FILE {C:/Users/19722/Desktop/project_2/project_2.runs/impl_1/Top_Module.bit} [get_hw_devices xc7a35t_0]
current_hw_device [get_hw_devices xc7a35t_0]
refresh_hw_device -update_hw_probes false [lindex [get_hw_devices xc7a35t_0] 0]
INFO: [Labtools 27-1434] Device xc7a35t (JTAG device index = 0) is programmed with a design that has no supported debug core(s) in it.
set_property PROBES.FILE {} [get_hw_devices xc7a35t_0]
set_property FULL_PROBES.FILE {} [get_hw_devices xc7a35t_0]
set_property PROGRAM.FILE {C:/Users/19722/Desktop/project_2/project_2.runs/impl_1/Top_Module.bit} [get_hw_devices xc7a35t_0]
program_hw_devices [get_hw_devices xc7a35t_0]
INFO: [Labtools 27-3164] End of startup status: HIGH
refresh_hw_device [lindex [get_hw_devices xc7a35t_0] 0]
INFO: [Labtools 27-1434] Device xc7a35t (JTAG device index = 0) is programmed with a design that has no supported debug core(s) in it.
exit
INFO: [Common 17-206] Exiting Vivado at Wed Feb 22 00:23:26 2023...
