#-----------------------------------------------------------
# Vivado v2019.1 (64-bit)
# SW Build 2552052 on Fri May 24 14:49:42 MDT 2019
# IP Build 2548770 on Fri May 24 18:01:18 MDT 2019
# Start of session at: Thu Jan 19 13:35:09 2023
# Process ID: 16536
# Current directory: C:/Users/19722/Desktop/New folder/project_3.xpr/project_3
# Command line: vivado.exe -gui_launcher_event rodinguilauncherevent6816 C:\Users\19722\Desktop\New folder\project_3.xpr\project_3\project_3.xpr
# Log file: C:/Users/19722/Desktop/New folder/project_3.xpr/project_3/vivado.log
# Journal file: C:/Users/19722/Desktop/New folder/project_3.xpr/project_3\vivado.jou
#-----------------------------------------------------------
start_gui
open_project {C:/Users/19722/Desktop/New folder/project_3.xpr/project_3/project_3.xpr}
INFO: [Project 1-313] Project file moved from 'C:/Users/19722/AppData/Roaming/Xilinx/Vivado/.Xil/Vivado-20176-Abs-PC/PrjAr/_X_' since last save.
Scanning sources...
Finished scanning sources
INFO: [IP_Flow 19-234] Refreshing IP repositories
INFO: [IP_Flow 19-1704] No user IP repositories specified
INFO: [IP_Flow 19-2313] Loaded Vivado IP repository 'C:/Xilinx/Vivado/2019.1/data/ip'.
update_compile_order -fileset sources_1
exit
INFO: [Common 17-206] Exiting Vivado at Thu Jan 19 13:42:13 2023...
