#-----------------------------------------------------------
# Vivado v2019.1 (64-bit)
# SW Build 2552052 on Fri May 24 14:49:42 MDT 2019
# IP Build 2548770 on Fri May 24 18:01:18 MDT 2019
# Start of session at: Wed Apr 13 00:31:44 2022
# Process ID: 16820
# Current directory: C:/Users/19722/AppData/Roaming/Xilinx/Vivado
# Command line: vivado.exe -gui_launcher_event rodinguilauncherevent7160
# Log file: C:/Users/19722/AppData/Roaming/Xilinx/Vivado/vivado.log
# Journal file: C:/Users/19722/AppData/Roaming/Xilinx/Vivado\vivado.jou
#-----------------------------------------------------------
start_gui
ecreate_project project_3 C:/Users/19722/Desktop/project_3 -part xc7a35tcpg236-1
INFO: [IP_Flow 19-234] Refreshing IP repositories
INFO: [IP_Flow 19-1704] No user IP repositories specified
INFO: [IP_Flow 19-2313] Loaded Vivado IP repository 'C:/Xilinx/Vivado/2019.1/data/ip'.
create_project: Time (s): cpu = 00:00:20 ; elapsed = 00:00:10 . Memory (MB): peak = 719.727 ; gain = 49.535
set_property board_part digilentinc.com:basys3:part0:1.2 [current_project]
import_files -fileset constrs_1 -force -norecurse C:/Users/19722/Desktop/Basys3_Master.xdc
file mkdir C:/Users/19722/Desktop/project_3/project_3.srcs/sources_1/new
close [ open C:/Users/19722/Desktop/project_3/project_3.srcs/sources_1/new/m4_1.v w ]
add_files C:/Users/19722/Desktop/project_3/project_3.srcs/sources_1/new/m4_1.v
close [ open C:/Users/19722/Desktop/project_3/project_3.srcs/sources_1/new/TopLevel.v w ]
add_files C:/Users/19722/Desktop/project_3/project_3.srcs/sources_1/new/TopLevel.v
close [ open C:/Users/19722/Desktop/project_3/project_3.srcs/sources_1/new/m2_1x8.v w ]
add_files C:/Users/19722/Desktop/project_3/project_3.srcs/sources_1/new/m2_1x8.v
close [ open C:/Users/19722/Desktop/project_3/project_3.srcs/sources_1/new/hex7seg.v w ]
add_files C:/Users/19722/Desktop/project_3/project_3.srcs/sources_1/new/hex7seg.v
close [ open C:/Users/19722/Desktop/project_3/project_3.srcs/sources_1/new/m8_1.v w ]
add_files C:/Users/19722/Desktop/project_3/project_3.srcs/sources_1/new/m8_1.v
close [ open C:/Users/19722/Desktop/project_3/project_3.srcs/sources_1/new/Incrementer.v w ]
add_files C:/Users/19722/Desktop/project_3/project_3.srcs/sources_1/new/Incrementer.v
update_compile_order -fileset sources_1
close [ open C:/Users/19722/Desktop/project_3/project_3.srcs/sources_1/new/FullAdder.v w ]
add_files C:/Users/19722/Desktop/project_3/project_3.srcs/sources_1/new/FullAdder.v
update_compile_order -fileset sources_1
update_compile_order -fileset sources_1
update_compile_order -fileset sources_1
import_files -norecurse C:/Users/19722/Desktop/lab3_digsel.v
update_compile_order -fileset sources_1
launch_runs synth_1 -jobs 12
CRITICAL WARNING: [HDL 9-806] Syntax error near "{". [C:/Users/19722/Desktop/project_3/project_3.srcs/sources_1/new/TopLevel.v:2]
[Wed Apr 13 23:54:04 2022] Launched synth_1...
Run output will be captured here: C:/Users/19722/Desktop/project_3/project_3.runs/synth_1/runme.log
reset_run synth_1
launch_runs synth_1 -jobs 12
CRITICAL WARNING: [HDL 9-806] Syntax error near "output". [C:/Users/19722/Desktop/project_3/project_3.srcs/sources_1/new/TopLevel.v:9]
[Wed Apr 13 23:55:45 2022] Launched synth_1...
Run output will be captured here: C:/Users/19722/Desktop/project_3/project_3.runs/synth_1/runme.log
update_compile_order -fileset sources_1
reset_run synth_1
launch_runs synth_1 -jobs 12
[Thu Apr 14 00:30:32 2022] Launched synth_1...
Run output will be captured here: C:/Users/19722/Desktop/project_3/project_3.runs/synth_1/runme.log
reset_run synth_1
launch_runs synth_1 -jobs 12
[Thu Apr 14 00:37:32 2022] Launched synth_1...
Run output will be captured here: C:/Users/19722/Desktop/project_3/project_3.runs/synth_1/runme.log
reset_run synth_1
launch_runs synth_1 -jobs 12
[Thu Apr 14 00:38:21 2022] Launched synth_1...
Run output will be captured here: C:/Users/19722/Desktop/project_3/project_3.runs/synth_1/runme.log
reset_run synth_1
launch_runs synth_1 -jobs 12
[Thu Apr 14 00:40:26 2022] Launched synth_1...
Run output will be captured here: C:/Users/19722/Desktop/project_3/project_3.runs/synth_1/runme.log
launch_runs impl_1 -jobs 12
[Thu Apr 14 00:41:15 2022] Launched impl_1...
Run output will be captured here: C:/Users/19722/Desktop/project_3/project_3.runs/impl_1/runme.log
open_hw
connect_hw_server
INFO: [Labtools 27-2285] Connecting to hw_server url TCP:localhost:3121
INFO: [Labtools 27-2222] Launching hw_server...
INFO: [Labtools 27-2221] Launch Output:

****** Xilinx hw_server v2019.1
  **** Build date : May 24 2019 at 15:13:31
    ** Copyright 1986-2019 Xilinx, Inc. All Rights Reserved.


open_hw_target
INFO: [Labtoolstcl 44-466] Opening hw_target localhost:3121/xilinx_tcf/Digilent/210183A28377A
open_hw_target: Time (s): cpu = 00:00:05 ; elapsed = 00:00:06 . Memory (MB): peak = 1906.762 ; gain = 1114.934
current_hw_device [get_hw_devices xc7a35t_0]
refresh_hw_device -update_hw_probes false [lindex [get_hw_devices xc7a35t_0] 0]
INFO: [Labtools 27-1435] Device xc7a35t (JTAG device index = 0) is not programmed (DONE status = 0).
launch_runs impl_1 -to_step write_bitstream -jobs 12
[Thu Apr 14 00:44:25 2022] Launched impl_1...
Run output will be captured here: C:/Users/19722/Desktop/project_3/project_3.runs/impl_1/runme.log
open_run impl_1
INFO: [Device 21-403] Loading part xc7a35tcpg236-1
INFO: [Netlist 29-17] Analyzing 2 Unisim elements for replacement
INFO: [Netlist 29-28] Unisim Transformation completed in 0 CPU seconds
INFO: [Project 1-479] Netlist was created with Vivado 2019.1
INFO: [Project 1-570] Preparing netlist for logic optimization
INFO: [Timing 38-478] Restoring timing data from binary archive.
INFO: [Timing 38-479] Binary timing data restore complete.
INFO: [Project 1-856] Restoring constraints from binary archive.
INFO: [Project 1-853] Binary constraint restore complete.
Reading XDEF placement.
Reading placer database...
Reading XDEF routing.
Read XDEF File: Time (s): cpu = 00:00:00 ; elapsed = 00:00:00.047 . Memory (MB): peak = 2811.730 ; gain = 0.000
Restored from archive | CPU: 0.000000 secs | Memory: 0.000000 MB |
Finished XDEF File Restore: Time (s): cpu = 00:00:00 ; elapsed = 00:00:00.048 . Memory (MB): peak = 2811.730 ; gain = 0.000
Netlist sorting complete. Time (s): cpu = 00:00:00 ; elapsed = 00:00:00 . Memory (MB): peak = 2811.730 ; gain = 0.000
INFO: [Project 1-111] Unisim Transformation Summary:
No Unisim elements were transformed.

open_run: Time (s): cpu = 00:00:36 ; elapsed = 00:00:34 . Memory (MB): peak = 2928.281 ; gain = 984.152
set_property PROBES.FILE {} [get_hw_devices xc7a35t_0]
set_property FULL_PROBES.FILE {} [get_hw_devices xc7a35t_0]
set_property PROGRAM.FILE {C:/Users/19722/Desktop/project_3/project_3.runs/impl_1/TopLevel.bit} [get_hw_devices xc7a35t_0]
program_hw_devices [get_hw_devices xc7a35t_0]
INFO: [Labtools 27-3164] End of startup status: HIGH
refresh_hw_device [lindex [get_hw_devices xc7a35t_0] 0]
INFO: [Labtools 27-1434] Device xc7a35t (JTAG device index = 0) is programmed with a design that has no supported debug core(s) in it.
reset_run synth_1
launch_runs impl_1 -to_step write_bitstream -jobs 12
[Thu Apr 14 01:11:04 2022] Launched synth_1...
Run output will be captured here: C:/Users/19722/Desktop/project_3/project_3.runs/synth_1/runme.log
[Thu Apr 14 01:11:04 2022] Launched impl_1...
Run output will be captured here: C:/Users/19722/Desktop/project_3/project_3.runs/impl_1/runme.log
reset_run synth_1
launch_runs synth_1 -jobs 12
[Thu Apr 14 01:11:38 2022] Launched synth_1...
Run output will be captured here: C:/Users/19722/Desktop/project_3/project_3.runs/synth_1/runme.log
reset_run synth_1
launch_runs synth_1 -jobs 12
[Thu Apr 14 01:12:23 2022] Launched synth_1...
Run output will be captured here: C:/Users/19722/Desktop/project_3/project_3.runs/synth_1/runme.log
launch_runs impl_1 -jobs 12
[Thu Apr 14 01:13:47 2022] Launched impl_1...
Run output will be captured here: C:/Users/19722/Desktop/project_3/project_3.runs/impl_1/runme.log
refresh_design
INFO: [Netlist 29-17] Analyzing 2 Unisim elements for replacement
INFO: [Netlist 29-28] Unisim Transformation completed in 0 CPU seconds
INFO: [Project 1-479] Netlist was created with Vivado 2019.1
INFO: [Project 1-570] Preparing netlist for logic optimization
INFO: [Timing 38-478] Restoring timing data from binary archive.
INFO: [Timing 38-479] Binary timing data restore complete.
INFO: [Project 1-856] Restoring constraints from binary archive.
INFO: [Project 1-853] Binary constraint restore complete.
Reading XDEF placement.
Reading placer database...
Reading XDEF routing.
Read XDEF File: Time (s): cpu = 00:00:00 ; elapsed = 00:00:00.061 . Memory (MB): peak = 3117.582 ; gain = 0.000
Restored from archive | CPU: 0.000000 secs | Memory: 0.000000 MB |
Finished XDEF File Restore: Time (s): cpu = 00:00:00 ; elapsed = 00:00:00.061 . Memory (MB): peak = 3117.582 ; gain = 0.000
refresh_design: Time (s): cpu = 00:00:13 ; elapsed = 00:00:09 . Memory (MB): peak = 3372.020 ; gain = 387.773
launch_runs impl_1 -to_step write_bitstream -jobs 12
[Thu Apr 14 01:16:16 2022] Launched impl_1...
Run output will be captured here: C:/Users/19722/Desktop/project_3/project_3.runs/impl_1/runme.log
set_property PROBES.FILE {} [get_hw_devices xc7a35t_0]
set_property FULL_PROBES.FILE {} [get_hw_devices xc7a35t_0]
set_property PROGRAM.FILE {C:/Users/19722/Desktop/project_3/project_3.runs/impl_1/TopLevel.bit} [get_hw_devices xc7a35t_0]
program_hw_devices [get_hw_devices xc7a35t_0]
INFO: [Labtools 27-3164] End of startup status: HIGH
refresh_hw_device [lindex [get_hw_devices xc7a35t_0] 0]
INFO: [Labtools 27-1434] Device xc7a35t (JTAG device index = 0) is programmed with a design that has no supported debug core(s) in it.
set_property PROBES.FILE {} [get_hw_devices xc7a35t_0]
set_property FULL_PROBES.FILE {} [get_hw_devices xc7a35t_0]
set_property PROGRAM.FILE {C:/Users/19722/Desktop/project_3/project_3.runs/impl_1/TopLevel.bit} [get_hw_devices xc7a35t_0]
program_hw_devices [get_hw_devices xc7a35t_0]
INFO: [Labtools 27-3164] End of startup status: HIGH
refresh_hw_device [lindex [get_hw_devices xc7a35t_0] 0]
INFO: [Labtools 27-1434] Device xc7a35t (JTAG device index = 0) is programmed with a design that has no supported debug core(s) in it.
reset_run synth_1
launch_runs impl_1 -to_step write_bitstream -jobs 12
[Thu Apr 14 01:21:04 2022] Launched synth_1...
Run output will be captured here: C:/Users/19722/Desktop/project_3/project_3.runs/synth_1/runme.log
[Thu Apr 14 01:21:04 2022] Launched impl_1...
Run output will be captured here: C:/Users/19722/Desktop/project_3/project_3.runs/impl_1/runme.log
reset_run synth_1
launch_runs synth_1 -jobs 12
[Thu Apr 14 01:21:46 2022] Launched synth_1...
Run output will be captured here: C:/Users/19722/Desktop/project_3/project_3.runs/synth_1/runme.log
launch_runs impl_1 -to_step write_bitstream -jobs 12
[Thu Apr 14 01:23:34 2022] Launched impl_1...
Run output will be captured here: C:/Users/19722/Desktop/project_3/project_3.runs/impl_1/runme.log
set_property PROBES.FILE {} [get_hw_devices xc7a35t_0]
set_property FULL_PROBES.FILE {} [get_hw_devices xc7a35t_0]
set_property PROGRAM.FILE {C:/Users/19722/Desktop/project_3/project_3.runs/impl_1/TopLevel.bit} [get_hw_devices xc7a35t_0]
program_hw_devices [get_hw_devices xc7a35t_0]
INFO: [Labtools 27-3164] End of startup status: HIGH
refresh_hw_device [lindex [get_hw_devices xc7a35t_0] 0]
INFO: [Labtools 27-1434] Device xc7a35t (JTAG device index = 0) is programmed with a design that has no supported debug core(s) in it.
reset_run synth_1
launch_runs synth_1 -jobs 12
[Thu Apr 14 01:31:30 2022] Launched synth_1...
Run output will be captured here: C:/Users/19722/Desktop/project_3/project_3.runs/synth_1/runme.log
launch_runs impl_1 -jobs 12
[Thu Apr 14 01:32:20 2022] Launched impl_1...
Run output will be captured here: C:/Users/19722/Desktop/project_3/project_3.runs/impl_1/runme.log
launch_runs impl_1 -to_step write_bitstream -jobs 12
[Thu Apr 14 01:33:59 2022] Launched impl_1...
Run output will be captured here: C:/Users/19722/Desktop/project_3/project_3.runs/impl_1/runme.log
set_property PROBES.FILE {} [get_hw_devices xc7a35t_0]
set_property FULL_PROBES.FILE {} [get_hw_devices xc7a35t_0]
set_property PROGRAM.FILE {C:/Users/19722/Desktop/project_3/project_3.runs/impl_1/TopLevel.bit} [get_hw_devices xc7a35t_0]
program_hw_devices [get_hw_devices xc7a35t_0]
INFO: [Labtools 27-3164] End of startup status: HIGH
refresh_hw_device [lindex [get_hw_devices xc7a35t_0] 0]
INFO: [Labtools 27-1434] Device xc7a35t (JTAG device index = 0) is programmed with a design that has no supported debug core(s) in it.
set_property PROBES.FILE {} [get_hw_devices xc7a35t_0]
set_property FULL_PROBES.FILE {} [get_hw_devices xc7a35t_0]
set_property PROGRAM.FILE {C:/Users/19722/Desktop/project_3/project_3.runs/impl_1/TopLevel.bit} [get_hw_devices xc7a35t_0]
program_hw_devices [get_hw_devices xc7a35t_0]
INFO: [Labtools 27-3164] End of startup status: HIGH
refresh_hw_device [lindex [get_hw_devices xc7a35t_0] 0]
INFO: [Labtools 27-1434] Device xc7a35t (JTAG device index = 0) is programmed with a design that has no supported debug core(s) in it.
set_property PROBES.FILE {} [get_hw_devices xc7a35t_0]
set_property FULL_PROBES.FILE {} [get_hw_devices xc7a35t_0]
set_property PROGRAM.FILE {C:/Users/19722/Desktop/project_3/project_3.runs/impl_1/TopLevel.bit} [get_hw_devices xc7a35t_0]
program_hw_devices [get_hw_devices xc7a35t_0]
INFO: [Labtools 27-3164] End of startup status: HIGH
refresh_hw_device [lindex [get_hw_devices xc7a35t_0] 0]
INFO: [Labtools 27-1434] Device xc7a35t (JTAG device index = 0) is programmed with a design that has no supported debug core(s) in it.
reset_run impl_1 -prev_step 
launch_runs impl_1 -to_step write_bitstream -jobs 12
WARNING: [Vivado 12-872] Run step 'Design Initialization' is out-of-date.
[Thu Apr 14 01:45:09 2022] Launched impl_1...
Run output will be captured here: C:/Users/19722/Desktop/project_3/project_3.runs/impl_1/runme.log
set_property PROBES.FILE {} [get_hw_devices xc7a35t_0]
set_property FULL_PROBES.FILE {} [get_hw_devices xc7a35t_0]
set_property PROGRAM.FILE {C:/Users/19722/Desktop/project_3/project_3.runs/impl_1/TopLevel.bit} [get_hw_devices xc7a35t_0]
program_hw_devices [get_hw_devices xc7a35t_0]
INFO: [Labtools 27-3164] End of startup status: HIGH
refresh_hw_device [lindex [get_hw_devices xc7a35t_0] 0]
INFO: [Labtools 27-1434] Device xc7a35t (JTAG device index = 0) is programmed with a design that has no supported debug core(s) in it.
reset_run synth_1
launch_runs impl_1 -to_step write_bitstream -jobs 12
[Thu Apr 14 01:49:51 2022] Launched synth_1...
Run output will be captured here: C:/Users/19722/Desktop/project_3/project_3.runs/synth_1/runme.log
[Thu Apr 14 01:49:51 2022] Launched impl_1...
Run output will be captured here: C:/Users/19722/Desktop/project_3/project_3.runs/impl_1/runme.log
set_property PROBES.FILE {} [get_hw_devices xc7a35t_0]
set_property FULL_PROBES.FILE {} [get_hw_devices xc7a35t_0]
set_property PROGRAM.FILE {C:/Users/19722/Desktop/project_3/project_3.runs/impl_1/TopLevel.bit} [get_hw_devices xc7a35t_0]
program_hw_devices [get_hw_devices xc7a35t_0]
INFO: [Labtools 27-3164] End of startup status: HIGH
refresh_hw_device [lindex [get_hw_devices xc7a35t_0] 0]
INFO: [Labtools 27-1434] Device xc7a35t (JTAG device index = 0) is programmed with a design that has no supported debug core(s) in it.
file mkdir C:/Users/19722/Desktop/project_3/project_3.srcs/sim_1/new
set_property SOURCE_SET sources_1 [get_filesets sim_1]
close [ open C:/Users/19722/Desktop/project_3/project_3.srcs/sim_1/new/sim.v w ]
add_files -fileset sim_1 C:/Users/19722/Desktop/project_3/project_3.srcs/sim_1/new/sim.v
update_compile_order -fileset sim_1
reset_run synth_1
launch_runs synth_1 -jobs 12
[Thu Apr 14 02:51:48 2022] Launched synth_1...
Run output will be captured here: C:/Users/19722/Desktop/project_3/project_3.runs/synth_1/runme.log
launch_simulation
INFO: [Vivado 12-5682] Launching behavioral simulation in 'C:/Users/19722/Desktop/project_3/project_3.sim/sim_1/behav/xsim'
INFO: [SIM-utils-51] Simulation object is 'sim_1'
INFO: [SIM-utils-54] Inspecting design source files for 'TopLevel' in fileset 'sim_1'...
INFO: [USF-XSim-97] Finding global include files...
INFO: [USF-XSim-98] Fetching design files from 'sim_1'...
INFO: [USF-XSim-2] XSim::Compile design
INFO: [USF-XSim-61] Executing 'COMPILE and ANALYZE' step in 'C:/Users/19722/Desktop/project_3/project_3.sim/sim_1/behav/xsim'
"xvlog --incr --relax -prj TopLevel_vlog.prj"
INFO: [VRFC 10-2263] Analyzing Verilog file "C:/Users/19722/Desktop/project_3/project_3.srcs/sources_1/new/FullAdder.v" into library xil_defaultlib
INFO: [VRFC 10-311] analyzing module FullAdder
INFO: [VRFC 10-2263] Analyzing Verilog file "C:/Users/19722/Desktop/project_3/project_3.srcs/sources_1/new/Incrementer.v" into library xil_defaultlib
INFO: [VRFC 10-311] analyzing module Incrementer
INFO: [VRFC 10-2263] Analyzing Verilog file "C:/Users/19722/Desktop/project_3/project_3.srcs/sources_1/new/hex7seg.v" into library xil_defaultlib
INFO: [VRFC 10-311] analyzing module hex7seg
INFO: [VRFC 10-2263] Analyzing Verilog file "C:/Users/19722/Desktop/project_3/project_3.srcs/sources_1/imports/Desktop/lab3_digsel.v" into library xil_defaultlib
INFO: [VRFC 10-311] analyzing module clk_wiz_0
INFO: [VRFC 10-311] analyzing module clkcntrl4
INFO: [VRFC 10-311] analyzing module lab3_digsel
INFO: [VRFC 10-2458] undeclared symbol clk, assumed default net type wire [C:/Users/19722/Desktop/project_3/project_3.srcs/sources_1/imports/Desktop/lab3_digsel.v:237]
INFO: [VRFC 10-311] analyzing module FTCE_MXILINX_clkcntrl4
INFO: [VRFC 10-311] analyzing module CB4CE_MXILINX_clkcntrl4
INFO: [VRFC 10-2263] Analyzing Verilog file "C:/Users/19722/Desktop/project_3/project_3.srcs/sources_1/new/m2_1x8.v" into library xil_defaultlib
INFO: [VRFC 10-311] analyzing module m2_1x8
INFO: [VRFC 10-2263] Analyzing Verilog file "C:/Users/19722/Desktop/project_3/project_3.srcs/sources_1/new/m4_1.v" into library xil_defaultlib
INFO: [VRFC 10-311] analyzing module m4_1
INFO: [VRFC 10-2263] Analyzing Verilog file "C:/Users/19722/Desktop/project_3/project_3.srcs/sources_1/new/m8_1.v" into library xil_defaultlib
INFO: [VRFC 10-311] analyzing module m8_1
INFO: [VRFC 10-2263] Analyzing Verilog file "C:/Users/19722/Desktop/project_3/project_3.srcs/sources_1/new/TopLevel.v" into library xil_defaultlib
INFO: [VRFC 10-311] analyzing module TopLevel
INFO: [VRFC 10-2263] Analyzing Verilog file "C:/Users/19722/Desktop/project_3/project_3.sim/sim_1/behav/xsim/glbl.v" into library xil_defaultlib
INFO: [VRFC 10-311] analyzing module glbl
INFO: [USF-XSim-69] 'compile' step finished in '3' seconds
INFO: [USF-XSim-3] XSim::Elaborate design
INFO: [USF-XSim-61] Executing 'ELABORATE' step in 'C:/Users/19722/Desktop/project_3/project_3.sim/sim_1/behav/xsim'
"xelab -wto c53d2accbaaa4a1080954e324e97a723 --incr --debug typical --relax --mt 2 -L xil_defaultlib -L unisims_ver -L unimacro_ver -L secureip --snapshot TopLevel_behav xil_defaultlib.TopLevel xil_defaultlib.glbl -log elaborate.log"
Vivado Simulator 2019.1
Copyright 1986-1999, 2001-2019 Xilinx, Inc. All Rights Reserved.
Running: C:/Xilinx/Vivado/2019.1/bin/unwrapped/win64.o/xelab.exe -wto c53d2accbaaa4a1080954e324e97a723 --incr --debug typical --relax --mt 2 -L xil_defaultlib -L unisims_ver -L unimacro_ver -L secureip --snapshot TopLevel_behav xil_defaultlib.TopLevel xil_defaultlib.glbl -log elaborate.log 
Using 2 slave threads.
Starting static elaboration
ERROR: [VRFC 10-2538] module instantiation should have an instance name [C:/Users/19722/Desktop/project_3/project_3.srcs/sources_1/new/Incrementer.v:10]
ERROR: [VRFC 10-2538] module instantiation should have an instance name [C:/Users/19722/Desktop/project_3/project_3.srcs/sources_1/new/Incrementer.v:11]
ERROR: [VRFC 10-2538] module instantiation should have an instance name [C:/Users/19722/Desktop/project_3/project_3.srcs/sources_1/new/Incrementer.v:12]
ERROR: [VRFC 10-2538] module instantiation should have an instance name [C:/Users/19722/Desktop/project_3/project_3.srcs/sources_1/new/Incrementer.v:13]
ERROR: [VRFC 10-2538] module instantiation should have an instance name [C:/Users/19722/Desktop/project_3/project_3.srcs/sources_1/new/Incrementer.v:14]
ERROR: [VRFC 10-2538] module instantiation should have an instance name [C:/Users/19722/Desktop/project_3/project_3.srcs/sources_1/new/Incrementer.v:15]
ERROR: [VRFC 10-2538] module instantiation should have an instance name [C:/Users/19722/Desktop/project_3/project_3.srcs/sources_1/new/Incrementer.v:16]
ERROR: [VRFC 10-2538] module instantiation should have an instance name [C:/Users/19722/Desktop/project_3/project_3.srcs/sources_1/new/Incrementer.v:17]
ERROR: [VRFC 10-2538] module instantiation should have an instance name [C:/Users/19722/Desktop/project_3/project_3.srcs/sources_1/new/TopLevel.v:22]
ERROR: [XSIM 43-3322] Static elaboration of top level Verilog design unit(s) in library work failed.
INFO: [USF-XSim-69] 'elaborate' step finished in '2' seconds
INFO: [USF-XSim-99] Step results log file:'C:/Users/19722/Desktop/project_3/project_3.sim/sim_1/behav/xsim/elaborate.log'
ERROR: [USF-XSim-62] 'elaborate' step failed with error(s). Please check the Tcl console output or 'C:/Users/19722/Desktop/project_3/project_3.sim/sim_1/behav/xsim/elaborate.log' file for more information.
ERROR: [Vivado 12-4473] Detected error while running simulation. Please correct the issue and retry this operation.
launch_simulation: Time (s): cpu = 00:00:01 ; elapsed = 00:00:05 . Memory (MB): peak = 3483.395 ; gain = 0.000
ERROR: [Common 17-39] 'launch_simulation' failed due to earlier errors.
launch_simulation
INFO: [Vivado 12-5682] Launching behavioral simulation in 'C:/Users/19722/Desktop/project_3/project_3.sim/sim_1/behav/xsim'
INFO: [SIM-utils-51] Simulation object is 'sim_1'
INFO: [SIM-utils-54] Inspecting design source files for 'TopLevel' in fileset 'sim_1'...
INFO: [USF-XSim-97] Finding global include files...
INFO: [USF-XSim-98] Fetching design files from 'sim_1'...
INFO: [USF-XSim-2] XSim::Compile design
INFO: [USF-XSim-61] Executing 'COMPILE and ANALYZE' step in 'C:/Users/19722/Desktop/project_3/project_3.sim/sim_1/behav/xsim'
"xvlog --incr --relax -prj TopLevel_vlog.prj"
INFO: [USF-XSim-69] 'compile' step finished in '2' seconds
INFO: [USF-XSim-3] XSim::Elaborate design
INFO: [USF-XSim-61] Executing 'ELABORATE' step in 'C:/Users/19722/Desktop/project_3/project_3.sim/sim_1/behav/xsim'
"xelab -wto c53d2accbaaa4a1080954e324e97a723 --incr --debug typical --relax --mt 2 -L xil_defaultlib -L unisims_ver -L unimacro_ver -L secureip --snapshot TopLevel_behav xil_defaultlib.TopLevel xil_defaultlib.glbl -log elaborate.log"
Vivado Simulator 2019.1
Copyright 1986-1999, 2001-2019 Xilinx, Inc. All Rights Reserved.
Running: C:/Xilinx/Vivado/2019.1/bin/unwrapped/win64.o/xelab.exe -wto c53d2accbaaa4a1080954e324e97a723 --incr --debug typical --relax --mt 2 -L xil_defaultlib -L unisims_ver -L unimacro_ver -L secureip --snapshot TopLevel_behav xil_defaultlib.TopLevel xil_defaultlib.glbl -log elaborate.log 
Using 2 slave threads.
Starting static elaboration
ERROR: [VRFC 10-2538] module instantiation should have an instance name [C:/Users/19722/Desktop/project_3/project_3.srcs/sources_1/new/Incrementer.v:10]
ERROR: [VRFC 10-2538] module instantiation should have an instance name [C:/Users/19722/Desktop/project_3/project_3.srcs/sources_1/new/Incrementer.v:11]
ERROR: [VRFC 10-2538] module instantiation should have an instance name [C:/Users/19722/Desktop/project_3/project_3.srcs/sources_1/new/Incrementer.v:12]
ERROR: [VRFC 10-2538] module instantiation should have an instance name [C:/Users/19722/Desktop/project_3/project_3.srcs/sources_1/new/Incrementer.v:13]
ERROR: [VRFC 10-2538] module instantiation should have an instance name [C:/Users/19722/Desktop/project_3/project_3.srcs/sources_1/new/Incrementer.v:14]
ERROR: [VRFC 10-2538] module instantiation should have an instance name [C:/Users/19722/Desktop/project_3/project_3.srcs/sources_1/new/Incrementer.v:15]
ERROR: [VRFC 10-2538] module instantiation should have an instance name [C:/Users/19722/Desktop/project_3/project_3.srcs/sources_1/new/Incrementer.v:16]
ERROR: [VRFC 10-2538] module instantiation should have an instance name [C:/Users/19722/Desktop/project_3/project_3.srcs/sources_1/new/Incrementer.v:17]
ERROR: [VRFC 10-2538] module instantiation should have an instance name [C:/Users/19722/Desktop/project_3/project_3.srcs/sources_1/new/TopLevel.v:22]
ERROR: [XSIM 43-3322] Static elaboration of top level Verilog design unit(s) in library work failed.
INFO: [USF-XSim-69] 'elaborate' step finished in '2' seconds
INFO: [USF-XSim-99] Step results log file:'C:/Users/19722/Desktop/project_3/project_3.sim/sim_1/behav/xsim/elaborate.log'
ERROR: [USF-XSim-62] 'elaborate' step failed with error(s). Please check the Tcl console output or 'C:/Users/19722/Desktop/project_3/project_3.sim/sim_1/behav/xsim/elaborate.log' file for more information.
ERROR: [Vivado 12-4473] Detected error while running simulation. Please correct the issue and retry this operation.
ERROR: [Common 17-39] 'launch_simulation' failed due to earlier errors.
launch_simulation
INFO: [Vivado 12-5682] Launching behavioral simulation in 'C:/Users/19722/Desktop/project_3/project_3.sim/sim_1/behav/xsim'
INFO: [SIM-utils-51] Simulation object is 'sim_1'
INFO: [SIM-utils-54] Inspecting design source files for 'TopLevel' in fileset 'sim_1'...
INFO: [USF-XSim-97] Finding global include files...
INFO: [USF-XSim-98] Fetching design files from 'sim_1'...
INFO: [USF-XSim-2] XSim::Compile design
INFO: [USF-XSim-61] Executing 'COMPILE and ANALYZE' step in 'C:/Users/19722/Desktop/project_3/project_3.sim/sim_1/behav/xsim'
"xvlog --incr --relax -prj TopLevel_vlog.prj"
INFO: [VRFC 10-2263] Analyzing Verilog file "C:/Users/19722/Desktop/project_3/project_3.srcs/sources_1/new/FullAdder.v" into library xil_defaultlib
INFO: [VRFC 10-311] analyzing module FullAdder
INFO: [VRFC 10-2263] Analyzing Verilog file "C:/Users/19722/Desktop/project_3/project_3.srcs/sources_1/new/Incrementer.v" into library xil_defaultlib
INFO: [VRFC 10-311] analyzing module Incrementer
INFO: [VRFC 10-2263] Analyzing Verilog file "C:/Users/19722/Desktop/project_3/project_3.srcs/sources_1/new/hex7seg.v" into library xil_defaultlib
INFO: [VRFC 10-311] analyzing module hex7seg
INFO: [VRFC 10-2263] Analyzing Verilog file "C:/Users/19722/Desktop/project_3/project_3.srcs/sources_1/imports/Desktop/lab3_digsel.v" into library xil_defaultlib
INFO: [VRFC 10-311] analyzing module clk_wiz_0
INFO: [VRFC 10-311] analyzing module clkcntrl4
INFO: [VRFC 10-311] analyzing module lab3_digsel
INFO: [VRFC 10-2458] undeclared symbol clk, assumed default net type wire [C:/Users/19722/Desktop/project_3/project_3.srcs/sources_1/imports/Desktop/lab3_digsel.v:237]
INFO: [VRFC 10-311] analyzing module FTCE_MXILINX_clkcntrl4
INFO: [VRFC 10-311] analyzing module CB4CE_MXILINX_clkcntrl4
INFO: [VRFC 10-2263] Analyzing Verilog file "C:/Users/19722/Desktop/project_3/project_3.srcs/sources_1/new/m2_1x8.v" into library xil_defaultlib
INFO: [VRFC 10-311] analyzing module m2_1x8
INFO: [VRFC 10-2263] Analyzing Verilog file "C:/Users/19722/Desktop/project_3/project_3.srcs/sources_1/new/m4_1.v" into library xil_defaultlib
INFO: [VRFC 10-311] analyzing module m4_1
INFO: [VRFC 10-2263] Analyzing Verilog file "C:/Users/19722/Desktop/project_3/project_3.srcs/sources_1/new/m8_1.v" into library xil_defaultlib
INFO: [VRFC 10-311] analyzing module m8_1
INFO: [VRFC 10-2263] Analyzing Verilog file "C:/Users/19722/Desktop/project_3/project_3.srcs/sources_1/new/TopLevel.v" into library xil_defaultlib
INFO: [VRFC 10-311] analyzing module TopLevel
INFO: [USF-XSim-69] 'compile' step finished in '2' seconds
INFO: [USF-XSim-3] XSim::Elaborate design
INFO: [USF-XSim-61] Executing 'ELABORATE' step in 'C:/Users/19722/Desktop/project_3/project_3.sim/sim_1/behav/xsim'
"xelab -wto c53d2accbaaa4a1080954e324e97a723 --incr --debug typical --relax --mt 2 -L xil_defaultlib -L unisims_ver -L unimacro_ver -L secureip --snapshot TopLevel_behav xil_defaultlib.TopLevel xil_defaultlib.glbl -log elaborate.log"
Vivado Simulator 2019.1
Copyright 1986-1999, 2001-2019 Xilinx, Inc. All Rights Reserved.
Running: C:/Xilinx/Vivado/2019.1/bin/unwrapped/win64.o/xelab.exe -wto c53d2accbaaa4a1080954e324e97a723 --incr --debug typical --relax --mt 2 -L xil_defaultlib -L unisims_ver -L unimacro_ver -L secureip --snapshot TopLevel_behav xil_defaultlib.TopLevel xil_defaultlib.glbl -log elaborate.log 
Using 2 slave threads.
Starting static elaboration
ERROR: [VRFC 10-2538] module instantiation should have an instance name [C:/Users/19722/Desktop/project_3/project_3.srcs/sources_1/new/TopLevel.v:22]
ERROR: [XSIM 43-3322] Static elaboration of top level Verilog design unit(s) in library work failed.
INFO: [USF-XSim-69] 'elaborate' step finished in '2' seconds
INFO: [USF-XSim-99] Step results log file:'C:/Users/19722/Desktop/project_3/project_3.sim/sim_1/behav/xsim/elaborate.log'
ERROR: [USF-XSim-62] 'elaborate' step failed with error(s). Please check the Tcl console output or 'C:/Users/19722/Desktop/project_3/project_3.sim/sim_1/behav/xsim/elaborate.log' file for more information.
ERROR: [Vivado 12-4473] Detected error while running simulation. Please correct the issue and retry this operation.
ERROR: [Common 17-39] 'launch_simulation' failed due to earlier errors.
launch_simulation
INFO: [Vivado 12-5682] Launching behavioral simulation in 'C:/Users/19722/Desktop/project_3/project_3.sim/sim_1/behav/xsim'
INFO: [SIM-utils-51] Simulation object is 'sim_1'
INFO: [SIM-utils-54] Inspecting design source files for 'TopLevel' in fileset 'sim_1'...
INFO: [USF-XSim-97] Finding global include files...
INFO: [USF-XSim-98] Fetching design files from 'sim_1'...
INFO: [USF-XSim-2] XSim::Compile design
INFO: [USF-XSim-61] Executing 'COMPILE and ANALYZE' step in 'C:/Users/19722/Desktop/project_3/project_3.sim/sim_1/behav/xsim'
"xvlog --incr --relax -prj TopLevel_vlog.prj"
INFO: [VRFC 10-2263] Analyzing Verilog file "C:/Users/19722/Desktop/project_3/project_3.srcs/sources_1/new/FullAdder.v" into library xil_defaultlib
INFO: [VRFC 10-311] analyzing module FullAdder
INFO: [VRFC 10-2263] Analyzing Verilog file "C:/Users/19722/Desktop/project_3/project_3.srcs/sources_1/new/Incrementer.v" into library xil_defaultlib
INFO: [VRFC 10-311] analyzing module Incrementer
INFO: [VRFC 10-2263] Analyzing Verilog file "C:/Users/19722/Desktop/project_3/project_3.srcs/sources_1/new/hex7seg.v" into library xil_defaultlib
INFO: [VRFC 10-311] analyzing module hex7seg
INFO: [VRFC 10-2263] Analyzing Verilog file "C:/Users/19722/Desktop/project_3/project_3.srcs/sources_1/imports/Desktop/lab3_digsel.v" into library xil_defaultlib
INFO: [VRFC 10-311] analyzing module clk_wiz_0
INFO: [VRFC 10-311] analyzing module clkcntrl4
INFO: [VRFC 10-311] analyzing module lab3_digsel
INFO: [VRFC 10-2458] undeclared symbol clk, assumed default net type wire [C:/Users/19722/Desktop/project_3/project_3.srcs/sources_1/imports/Desktop/lab3_digsel.v:237]
INFO: [VRFC 10-311] analyzing module FTCE_MXILINX_clkcntrl4
INFO: [VRFC 10-311] analyzing module CB4CE_MXILINX_clkcntrl4
INFO: [VRFC 10-2263] Analyzing Verilog file "C:/Users/19722/Desktop/project_3/project_3.srcs/sources_1/new/m2_1x8.v" into library xil_defaultlib
INFO: [VRFC 10-311] analyzing module m2_1x8
INFO: [VRFC 10-2263] Analyzing Verilog file "C:/Users/19722/Desktop/project_3/project_3.srcs/sources_1/new/m4_1.v" into library xil_defaultlib
INFO: [VRFC 10-311] analyzing module m4_1
INFO: [VRFC 10-2263] Analyzing Verilog file "C:/Users/19722/Desktop/project_3/project_3.srcs/sources_1/new/m8_1.v" into library xil_defaultlib
INFO: [VRFC 10-311] analyzing module m8_1
INFO: [VRFC 10-2263] Analyzing Verilog file "C:/Users/19722/Desktop/project_3/project_3.srcs/sources_1/new/TopLevel.v" into library xil_defaultlib
INFO: [VRFC 10-311] analyzing module TopLevel
INFO: [USF-XSim-69] 'compile' step finished in '2' seconds
INFO: [USF-XSim-3] XSim::Elaborate design
INFO: [USF-XSim-61] Executing 'ELABORATE' step in 'C:/Users/19722/Desktop/project_3/project_3.sim/sim_1/behav/xsim'
"xelab -wto c53d2accbaaa4a1080954e324e97a723 --incr --debug typical --relax --mt 2 -L xil_defaultlib -L unisims_ver -L unimacro_ver -L secureip --snapshot TopLevel_behav xil_defaultlib.TopLevel xil_defaultlib.glbl -log elaborate.log"
Vivado Simulator 2019.1
Copyright 1986-1999, 2001-2019 Xilinx, Inc. All Rights Reserved.
Running: C:/Xilinx/Vivado/2019.1/bin/unwrapped/win64.o/xelab.exe -wto c53d2accbaaa4a1080954e324e97a723 --incr --debug typical --relax --mt 2 -L xil_defaultlib -L unisims_ver -L unimacro_ver -L secureip --snapshot TopLevel_behav xil_defaultlib.TopLevel xil_defaultlib.glbl -log elaborate.log 
Using 2 slave threads.
Starting static elaboration
WARNING: [VRFC 10-3091] actual bit length 7 differs from formal bit length 8 for port 'in0' [C:/Users/19722/Desktop/project_3/project_3.srcs/sources_1/new/TopLevel.v:22]
Completed static elaboration
Starting simulation data flow analysis
Completed simulation data flow analysis
Time Resolution for simulation is 1ps
Compiling module xil_defaultlib.m4_1
Compiling module xil_defaultlib.FullAdder
Compiling module xil_defaultlib.Incrementer
Compiling module xil_defaultlib.m8_1
Compiling module xil_defaultlib.hex7seg
Compiling module unisims_ver.IBUF
Compiling module unisims_ver.MMCME2_ADV(CLKFBOUT_MULT_F=9.125...
Compiling module unisims_ver.BUFG
Compiling module xil_defaultlib.clk_wiz_0
Compiling module unisims_ver.GND
Compiling module unisims_ver.x_lut2_mux4
Compiling module unisims_ver.LUT2
Compiling module unisims_ver.XOR2
Compiling module unisims_ver.FDCE_default
Compiling module xil_defaultlib.FTCE_MXILINX_clkcntrl4
Compiling module unisims_ver.LUT4
Compiling module unisims_ver.AND4
Compiling module unisims_ver.x_lut3_mux8
Compiling module unisims_ver.LUT3
Compiling module unisims_ver.AND3
Compiling module unisims_ver.AND2
Compiling module unisims_ver.VCC
Compiling module xil_defaultlib.CB4CE_MXILINX_clkcntrl4
Compiling module unisims_ver.BUF
Compiling module xil_defaultlib.clkcntrl4
Compiling module unisims_ver.STARTUPE2
Compiling module xil_defaultlib.lab3_digsel
Compiling module xil_defaultlib.m2_1x8
Compiling module xil_defaultlib.TopLevel
Compiling module xil_defaultlib.glbl
Built simulation snapshot TopLevel_behav

****** Webtalk v2019.1 (64-bit)
  **** SW Build 2552052 on Fri May 24 14:49:42 MDT 2019
  **** IP Build 2548770 on Fri May 24 18:01:18 MDT 2019
    ** Copyright 1986-2019 Xilinx, Inc. All Rights Reserved.

source C:/Users/19722/Desktop/project_3/project_3.sim/sim_1/behav/xsim/xsim.dir/TopLevel_behav/webtalk/xsim_webtalk.tcl -notrace
INFO: [Common 17-186] 'C:/Users/19722/Desktop/project_3/project_3.sim/sim_1/behav/xsim/xsim.dir/TopLevel_behav/webtalk/usage_statistics_ext_xsim.xml' has been successfully sent to Xilinx on Thu Apr 14 03:17:29 2022. For additional details about this file, please refer to the WebTalk help file at C:/Xilinx/Vivado/2019.1/doc/webtalk_introduction.html.
INFO: [Common 17-206] Exiting Webtalk at Thu Apr 14 03:17:29 2022...
run_program: Time (s): cpu = 00:00:00 ; elapsed = 00:00:10 . Memory (MB): peak = 3483.395 ; gain = 0.000
INFO: [USF-XSim-69] 'elaborate' step finished in '10' seconds
INFO: [USF-XSim-4] XSim::Simulate design
INFO: [USF-XSim-61] Executing 'SIMULATE' step in 'C:/Users/19722/Desktop/project_3/project_3.sim/sim_1/behav/xsim'
INFO: [USF-XSim-98] *** Running xsim
   with args "TopLevel_behav -key {Behavioral:sim_1:Functional:TopLevel} -tclbatch {TopLevel.tcl} -log {simulate.log}"
INFO: [USF-XSim-8] Loading simulator feature
Vivado Simulator 2019.1
Time resolution is 1 ps
source TopLevel.tcl
# set curr_wave [current_wave_config]
# if { [string length $curr_wave] == 0 } {
#   if { [llength [get_objects]] > 0} {
#     add_wave /
#     set_property needs_save false [current_wave_config]
#   } else {
#      send_msg_id Add_Wave-1 WARNING "No top level signals found. Simulator will start without a wave window. If you want to open a wave window go to 'File->New Waveform Configuration' or type 'create_wave_config' in the TCL console."
#   }
# }
# run 1000ns
INFO: [USF-XSim-96] XSim completed. Design snapshot 'TopLevel_behav' loaded.
INFO: [USF-XSim-97] XSim simulation ran for 1000ns
launch_simulation: Time (s): cpu = 00:00:07 ; elapsed = 00:00:17 . Memory (MB): peak = 3483.395 ; gain = 0.000
close_sim
INFO: [Simtcl 6-16] Simulation closed
close_sim: Time (s): cpu = 00:00:01 ; elapsed = 00:00:05 . Memory (MB): peak = 3483.395 ; gain = 0.000
launch_simulation
INFO: [Vivado 12-5682] Launching behavioral simulation in 'C:/Users/19722/Desktop/project_3/project_3.sim/sim_1/behav/xsim'
INFO: [SIM-utils-51] Simulation object is 'sim_1'
INFO: [SIM-utils-54] Inspecting design source files for 'TopLevel' in fileset 'sim_1'...
INFO: [USF-XSim-97] Finding global include files...
INFO: [USF-XSim-98] Fetching design files from 'sim_1'...
INFO: [USF-XSim-2] XSim::Compile design
INFO: [USF-XSim-61] Executing 'COMPILE and ANALYZE' step in 'C:/Users/19722/Desktop/project_3/project_3.sim/sim_1/behav/xsim'
"xvlog --incr --relax -prj TopLevel_vlog.prj"
INFO: [USF-XSim-69] 'compile' step finished in '2' seconds
INFO: [USF-XSim-3] XSim::Elaborate design
INFO: [USF-XSim-61] Executing 'ELABORATE' step in 'C:/Users/19722/Desktop/project_3/project_3.sim/sim_1/behav/xsim'
"xelab -wto c53d2accbaaa4a1080954e324e97a723 --incr --debug typical --relax --mt 2 -L xil_defaultlib -L unisims_ver -L unimacro_ver -L secureip --snapshot TopLevel_behav xil_defaultlib.TopLevel xil_defaultlib.glbl -log elaborate.log"
Vivado Simulator 2019.1
Copyright 1986-1999, 2001-2019 Xilinx, Inc. All Rights Reserved.
Running: C:/Xilinx/Vivado/2019.1/bin/unwrapped/win64.o/xelab.exe -wto c53d2accbaaa4a1080954e324e97a723 --incr --debug typical --relax --mt 2 -L xil_defaultlib -L unisims_ver -L unimacro_ver -L secureip --snapshot TopLevel_behav xil_defaultlib.TopLevel xil_defaultlib.glbl -log elaborate.log 
Using 2 slave threads.
Starting static elaboration
WARNING: [VRFC 10-3091] actual bit length 7 differs from formal bit length 8 for port 'in0' [C:/Users/19722/Desktop/project_3/project_3.srcs/sources_1/new/TopLevel.v:22]
Completed static elaboration
INFO: [XSIM 43-4323] No Change in HDL. Linking previously generated obj files to create kernel
INFO: [USF-XSim-69] 'elaborate' step finished in '2' seconds
INFO: [USF-XSim-4] XSim::Simulate design
INFO: [USF-XSim-61] Executing 'SIMULATE' step in 'C:/Users/19722/Desktop/project_3/project_3.sim/sim_1/behav/xsim'
INFO: [USF-XSim-98] *** Running xsim
   with args "TopLevel_behav -key {Behavioral:sim_1:Functional:TopLevel} -tclbatch {TopLevel.tcl} -log {simulate.log}"
INFO: [USF-XSim-8] Loading simulator feature
Vivado Simulator 2019.1
Time resolution is 1 ps
source TopLevel.tcl
# set curr_wave [current_wave_config]
# if { [string length $curr_wave] == 0 } {
#   if { [llength [get_objects]] > 0} {
#     add_wave /
#     set_property needs_save false [current_wave_config]
#   } else {
#      send_msg_id Add_Wave-1 WARNING "No top level signals found. Simulator will start without a wave window. If you want to open a wave window go to 'File->New Waveform Configuration' or type 'create_wave_config' in the TCL console."
#   }
# }
# run 1000ns
INFO: [USF-XSim-96] XSim completed. Design snapshot 'TopLevel_behav' loaded.
INFO: [USF-XSim-97] XSim simulation ran for 1000ns
launch_simulation: Time (s): cpu = 00:00:05 ; elapsed = 00:00:10 . Memory (MB): peak = 3483.395 ; gain = 0.000
update_compile_order -fileset sim_1
relaunch_sim
INFO: [Vivado 12-5682] Launching behavioral simulation in 'C:/Users/19722/Desktop/project_3/project_3.sim/sim_1/behav/xsim'
INFO: [SIM-utils-51] Simulation object is 'sim_1'
INFO: [SIM-utils-54] Inspecting design source files for 'sim' in fileset 'sim_1'...
INFO: [USF-XSim-97] Finding global include files...
INFO: [USF-XSim-98] Fetching design files from 'sim_1'...
INFO: [USF-XSim-2] XSim::Compile design
INFO: [USF-XSim-61] Executing 'COMPILE and ANALYZE' step in 'C:/Users/19722/Desktop/project_3/project_3.sim/sim_1/behav/xsim'
"xvlog --incr --relax -prj sim_vlog.prj"
INFO: [VRFC 10-2263] Analyzing Verilog file "C:/Users/19722/Desktop/project_3/project_3.srcs/sources_1/new/FullAdder.v" into library xil_defaultlib
INFO: [VRFC 10-311] analyzing module FullAdder
INFO: [VRFC 10-2263] Analyzing Verilog file "C:/Users/19722/Desktop/project_3/project_3.srcs/sources_1/new/Incrementer.v" into library xil_defaultlib
INFO: [VRFC 10-311] analyzing module Incrementer
INFO: [VRFC 10-2263] Analyzing Verilog file "C:/Users/19722/Desktop/project_3/project_3.srcs/sources_1/new/TopLevel.v" into library xil_defaultlib
INFO: [VRFC 10-311] analyzing module TopLevel
INFO: [VRFC 10-2263] Analyzing Verilog file "C:/Users/19722/Desktop/project_3/project_3.srcs/sources_1/new/hex7seg.v" into library xil_defaultlib
INFO: [VRFC 10-311] analyzing module hex7seg
INFO: [VRFC 10-2263] Analyzing Verilog file "C:/Users/19722/Desktop/project_3/project_3.srcs/sources_1/imports/Desktop/lab3_digsel.v" into library xil_defaultlib
INFO: [VRFC 10-311] analyzing module clk_wiz_0
INFO: [VRFC 10-311] analyzing module clkcntrl4
INFO: [VRFC 10-311] analyzing module lab3_digsel
INFO: [VRFC 10-2458] undeclared symbol clk, assumed default net type wire [C:/Users/19722/Desktop/project_3/project_3.srcs/sources_1/imports/Desktop/lab3_digsel.v:237]
INFO: [VRFC 10-311] analyzing module FTCE_MXILINX_clkcntrl4
INFO: [VRFC 10-311] analyzing module CB4CE_MXILINX_clkcntrl4
INFO: [VRFC 10-2263] Analyzing Verilog file "C:/Users/19722/Desktop/project_3/project_3.srcs/sources_1/new/m2_1x8.v" into library xil_defaultlib
INFO: [VRFC 10-311] analyzing module m2_1x8
INFO: [VRFC 10-2263] Analyzing Verilog file "C:/Users/19722/Desktop/project_3/project_3.srcs/sources_1/new/m4_1.v" into library xil_defaultlib
INFO: [VRFC 10-311] analyzing module m4_1
INFO: [VRFC 10-2263] Analyzing Verilog file "C:/Users/19722/Desktop/project_3/project_3.srcs/sources_1/new/m8_1.v" into library xil_defaultlib
INFO: [VRFC 10-311] analyzing module m8_1
INFO: [VRFC 10-2263] Analyzing Verilog file "C:/Users/19722/Desktop/project_3/project_3.srcs/sim_1/new/sim.v" into library xil_defaultlib
INFO: [VRFC 10-311] analyzing module sim
INFO: [USF-XSim-69] 'compile' step finished in '2' seconds
INFO: [Vivado 12-5682] Launching behavioral simulation in 'C:/Users/19722/Desktop/project_3/project_3.sim/sim_1/behav/xsim'
INFO: [USF-XSim-3] XSim::Elaborate design
INFO: [USF-XSim-61] Executing 'ELABORATE' step in 'C:/Users/19722/Desktop/project_3/project_3.sim/sim_1/behav/xsim'
"xelab -wto c53d2accbaaa4a1080954e324e97a723 --incr --debug typical --relax --mt 2 -L xil_defaultlib -L unisims_ver -L unimacro_ver -L secureip --snapshot sim_behav xil_defaultlib.sim xil_defaultlib.glbl -log elaborate.log"
Vivado Simulator 2019.1
Copyright 1986-1999, 2001-2019 Xilinx, Inc. All Rights Reserved.
Running: C:/Xilinx/Vivado/2019.1/bin/unwrapped/win64.o/xelab.exe -wto c53d2accbaaa4a1080954e324e97a723 --incr --debug typical --relax --mt 2 -L xil_defaultlib -L unisims_ver -L unimacro_ver -L secureip --snapshot sim_behav xil_defaultlib.sim xil_defaultlib.glbl -log elaborate.log 
Using 2 slave threads.
Starting static elaboration
WARNING: [VRFC 10-3091] actual bit length 7 differs from formal bit length 8 for port 'in0' [C:/Users/19722/Desktop/project_3/project_3.srcs/sources_1/new/TopLevel.v:22]
Completed static elaboration
Starting simulation data flow analysis
Completed simulation data flow analysis
Time Resolution for simulation is 1ps
Compiling module xil_defaultlib.m4_1
Compiling module xil_defaultlib.FullAdder
Compiling module xil_defaultlib.Incrementer
Compiling module xil_defaultlib.m8_1
Compiling module xil_defaultlib.hex7seg
Compiling module unisims_ver.IBUF
Compiling module unisims_ver.MMCME2_ADV(CLKFBOUT_MULT_F=9.125...
Compiling module unisims_ver.BUFG
Compiling module xil_defaultlib.clk_wiz_0
Compiling module unisims_ver.GND
Compiling module unisims_ver.x_lut2_mux4
Compiling module unisims_ver.LUT2
Compiling module unisims_ver.XOR2
Compiling module unisims_ver.FDCE_default
Compiling module xil_defaultlib.FTCE_MXILINX_clkcntrl4
Compiling module unisims_ver.LUT4
Compiling module unisims_ver.AND4
Compiling module unisims_ver.x_lut3_mux8
Compiling module unisims_ver.LUT3
Compiling module unisims_ver.AND3
Compiling module unisims_ver.AND2
Compiling module unisims_ver.VCC
Compiling module xil_defaultlib.CB4CE_MXILINX_clkcntrl4
Compiling module unisims_ver.BUF
Compiling module xil_defaultlib.clkcntrl4
Compiling module unisims_ver.STARTUPE2
Compiling module xil_defaultlib.lab3_digsel
Compiling module xil_defaultlib.m2_1x8
Compiling module xil_defaultlib.TopLevel
Compiling module xil_defaultlib.sim
Compiling module xil_defaultlib.glbl
Built simulation snapshot sim_behav

****** Webtalk v2019.1 (64-bit)
  **** SW Build 2552052 on Fri May 24 14:49:42 MDT 2019
  **** IP Build 2548770 on Fri May 24 18:01:18 MDT 2019
    ** Copyright 1986-2019 Xilinx, Inc. All Rights Reserved.

source C:/Users/19722/Desktop/project_3/project_3.sim/sim_1/behav/xsim/xsim.dir/sim_behav/webtalk/xsim_webtalk.tcl -notrace
INFO: [Common 17-186] 'C:/Users/19722/Desktop/project_3/project_3.sim/sim_1/behav/xsim/xsim.dir/sim_behav/webtalk/usage_statistics_ext_xsim.xml' has been successfully sent to Xilinx on Thu Apr 14 03:30:54 2022. For additional details about this file, please refer to the WebTalk help file at C:/Xilinx/Vivado/2019.1/doc/webtalk_introduction.html.
INFO: [Common 17-206] Exiting Webtalk at Thu Apr 14 03:30:54 2022...
run_program: Time (s): cpu = 00:00:00 ; elapsed = 00:00:09 . Memory (MB): peak = 3483.395 ; gain = 0.000
INFO: [USF-XSim-69] 'elaborate' step finished in '8' seconds
launch_simulation: Time (s): cpu = 00:00:00 ; elapsed = 00:00:09 . Memory (MB): peak = 3483.395 ; gain = 0.000
Vivado Simulator 2019.1
Time resolution is 1 ps
relaunch_sim: Time (s): cpu = 00:00:03 ; elapsed = 00:00:16 . Memory (MB): peak = 3483.395 ; gain = 0.000
launch_simulation
boost::filesystem::remove: The process cannot access the file because it is being used by another process: "C:/Users/19722/Desktop/project_3/project_3.sim/sim_1/behav/xsim/simulate.log"
launch_simulation
boost::filesystem::remove: The process cannot access the file because it is being used by another process: "C:/Users/19722/Desktop/project_3/project_3.sim/sim_1/behav/xsim/simulate.log"
synth_design -rtl -name rtl_1
Command: synth_design -rtl -name rtl_1
Starting synth_design
Using part: xc7a35tcpg236-1
Top: TopLevel
---------------------------------------------------------------------------------
Starting RTL Elaboration : Time (s): cpu = 00:00:04 ; elapsed = 00:00:04 . Memory (MB): peak = 3655.125 ; gain = 149.355
---------------------------------------------------------------------------------
INFO: [Synth 8-6157] synthesizing module 'TopLevel' [C:/Users/19722/Desktop/project_3/project_3.srcs/sources_1/new/TopLevel.v:2]
INFO: [Synth 8-6157] synthesizing module 'Incrementer' [C:/Users/19722/Desktop/project_3/project_3.srcs/sources_1/new/Incrementer.v:2]
INFO: [Synth 8-6157] synthesizing module 'FullAdder' [C:/Users/19722/Desktop/project_3/project_3.srcs/sources_1/new/FullAdder.v:23]
INFO: [Synth 8-6157] synthesizing module 'm4_1' [C:/Users/19722/Desktop/project_3/project_3.srcs/sources_1/new/m4_1.v:23]
INFO: [Synth 8-6155] done synthesizing module 'm4_1' (1#1) [C:/Users/19722/Desktop/project_3/project_3.srcs/sources_1/new/m4_1.v:23]
INFO: [Synth 8-6155] done synthesizing module 'FullAdder' (2#1) [C:/Users/19722/Desktop/project_3/project_3.srcs/sources_1/new/FullAdder.v:23]
WARNING: [Synth 8-7023] instance 'add8' of module 'FullAdder' has 5 connections declared, but only 4 given [C:/Users/19722/Desktop/project_3/project_3.srcs/sources_1/new/Incrementer.v:17]
INFO: [Synth 8-6155] done synthesizing module 'Incrementer' (3#1) [C:/Users/19722/Desktop/project_3/project_3.srcs/sources_1/new/Incrementer.v:2]
INFO: [Synth 8-6157] synthesizing module 'hex7seg' [C:/Users/19722/Desktop/project_3/project_3.srcs/sources_1/new/hex7seg.v:2]
INFO: [Synth 8-6157] synthesizing module 'm8_1' [C:/Users/19722/Desktop/project_3/project_3.srcs/sources_1/new/m8_1.v:2]
INFO: [Synth 8-6155] done synthesizing module 'm8_1' (4#1) [C:/Users/19722/Desktop/project_3/project_3.srcs/sources_1/new/m8_1.v:2]
INFO: [Synth 8-6155] done synthesizing module 'hex7seg' (5#1) [C:/Users/19722/Desktop/project_3/project_3.srcs/sources_1/new/hex7seg.v:2]
INFO: [Synth 8-6157] synthesizing module 'lab3_digsel' [C:/Users/19722/Desktop/project_3/project_3.srcs/sources_1/imports/Desktop/lab3_digsel.v:232]
INFO: [Synth 8-6157] synthesizing module 'clk_wiz_0' [C:/Users/19722/Desktop/project_3/project_3.srcs/sources_1/imports/Desktop/lab3_digsel.v:24]
INFO: [Synth 8-6157] synthesizing module 'IBUF' [C:/Xilinx/Vivado/2019.1/scripts/rt/data/unisim_comp.v:32856]
	Parameter CAPACITANCE bound to: DONT_CARE - type: string 
	Parameter IBUF_DELAY_VALUE bound to: 0 - type: string 
	Parameter IBUF_LOW_PWR bound to: TRUE - type: string 
	Parameter IFD_DELAY_VALUE bound to: AUTO - type: string 
	Parameter IOSTANDARD bound to: DEFAULT - type: string 
INFO: [Synth 8-6155] done synthesizing module 'IBUF' (6#1) [C:/Xilinx/Vivado/2019.1/scripts/rt/data/unisim_comp.v:32856]
INFO: [Synth 8-6157] synthesizing module 'MMCME2_ADV' [C:/Xilinx/Vivado/2019.1/scripts/rt/data/unisim_comp.v:39813]
	Parameter BANDWIDTH bound to: OPTIMIZED - type: string 
	Parameter CLKFBOUT_MULT_F bound to: 9.125000 - type: float 
	Parameter CLKFBOUT_PHASE bound to: 0.000000 - type: float 
	Parameter CLKFBOUT_USE_FINE_PS bound to: FALSE - type: string 
	Parameter CLKIN1_PERIOD bound to: 10.000000 - type: float 
	Parameter CLKIN2_PERIOD bound to: 0.000000 - type: float 
	Parameter CLKOUT0_DIVIDE_F bound to: 36.500000 - type: float 
	Parameter CLKOUT0_DUTY_CYCLE bound to: 0.500000 - type: float 
	Parameter CLKOUT0_PHASE bound to: 0.000000 - type: float 
	Parameter CLKOUT0_USE_FINE_PS bound to: FALSE - type: string 
	Parameter CLKOUT1_DIVIDE bound to: 1 - type: integer 
	Parameter CLKOUT1_DUTY_CYCLE bound to: 0.500000 - type: float 
	Parameter CLKOUT1_PHASE bound to: 0.000000 - type: float 
	Parameter CLKOUT1_USE_FINE_PS bound to: FALSE - type: string 
	Parameter CLKOUT2_DIVIDE bound to: 1 - type: integer 
	Parameter CLKOUT2_DUTY_CYCLE bound to: 0.500000 - type: float 
	Parameter CLKOUT2_PHASE bound to: 0.000000 - type: float 
	Parameter CLKOUT2_USE_FINE_PS bound to: FALSE - type: string 
	Parameter CLKOUT3_DIVIDE bound to: 1 - type: integer 
	Parameter CLKOUT3_DUTY_CYCLE bound to: 0.500000 - type: float 
	Parameter CLKOUT3_PHASE bound to: 0.000000 - type: float 
	Parameter CLKOUT3_USE_FINE_PS bound to: FALSE - type: string 
	Parameter CLKOUT4_CASCADE bound to: FALSE - type: string 
	Parameter CLKOUT4_DIVIDE bound to: 1 - type: integer 
	Parameter CLKOUT4_DUTY_CYCLE bound to: 0.500000 - type: float 
	Parameter CLKOUT4_PHASE bound to: 0.000000 - type: float 
	Parameter CLKOUT4_USE_FINE_PS bound to: FALSE - type: string 
	Parameter CLKOUT5_DIVIDE bound to: 1 - type: integer 
	Parameter CLKOUT5_DUTY_CYCLE bound to: 0.500000 - type: float 
	Parameter CLKOUT5_PHASE bound to: 0.000000 - type: float 
	Parameter CLKOUT5_USE_FINE_PS bound to: FALSE - type: string 
	Parameter CLKOUT6_DIVIDE bound to: 1 - type: integer 
	Parameter CLKOUT6_DUTY_CYCLE bound to: 0.500000 - type: float 
	Parameter CLKOUT6_PHASE bound to: 0.000000 - type: float 
	Parameter CLKOUT6_USE_FINE_PS bound to: FALSE - type: string 
	Parameter COMPENSATION bound to: ZHOLD - type: string 
	Parameter DIVCLK_DIVIDE bound to: 1 - type: integer 
	Parameter IS_CLKINSEL_INVERTED bound to: 1'b0 
	Parameter IS_PSEN_INVERTED bound to: 1'b0 
	Parameter IS_PSINCDEC_INVERTED bound to: 1'b0 
	Parameter IS_PWRDWN_INVERTED bound to: 1'b0 
	Parameter IS_RST_INVERTED bound to: 1'b0 
	Parameter REF_JITTER1 bound to: 0.010000 - type: float 
	Parameter REF_JITTER2 bound to: 0.010000 - type: float 
	Parameter SS_EN bound to: FALSE - type: string 
	Parameter SS_MODE bound to: CENTER_HIGH - type: string 
	Parameter SS_MOD_PERIOD bound to: 10000 - type: integer 
	Parameter STARTUP_WAIT bound to: FALSE - type: string 
INFO: [Synth 8-6155] done synthesizing module 'MMCME2_ADV' (7#1) [C:/Xilinx/Vivado/2019.1/scripts/rt/data/unisim_comp.v:39813]
INFO: [Synth 8-6157] synthesizing module 'BUFG' [C:/Xilinx/Vivado/2019.1/scripts/rt/data/unisim_comp.v:1075]
INFO: [Synth 8-6155] done synthesizing module 'BUFG' (8#1) [C:/Xilinx/Vivado/2019.1/scripts/rt/data/unisim_comp.v:1075]
INFO: [Synth 8-6155] done synthesizing module 'clk_wiz_0' (9#1) [C:/Users/19722/Desktop/project_3/project_3.srcs/sources_1/imports/Desktop/lab3_digsel.v:24]
INFO: [Synth 8-6157] synthesizing module 'clkcntrl4' [C:/Users/19722/Desktop/project_3/project_3.srcs/sources_1/imports/Desktop/lab3_digsel.v:157]
INFO: [Synth 8-6157] synthesizing module 'GND' [C:/Xilinx/Vivado/2019.1/scripts/rt/data/unisim_comp.v:14643]
INFO: [Synth 8-6155] done synthesizing module 'GND' (10#1) [C:/Xilinx/Vivado/2019.1/scripts/rt/data/unisim_comp.v:14643]
INFO: [Synth 8-6157] synthesizing module 'CB4CE_MXILINX_clkcntrl4' [C:/Users/19722/Desktop/project_3/project_3.srcs/sources_1/imports/Desktop/lab3_digsel.v:294]
INFO: [Synth 8-6157] synthesizing module 'FTCE_MXILINX_clkcntrl4' [C:/Users/19722/Desktop/project_3/project_3.srcs/sources_1/imports/Desktop/lab3_digsel.v:264]
	Parameter INIT bound to: 1'b0 
INFO: [Synth 8-6157] synthesizing module 'XOR2' [C:/Xilinx/Vivado/2019.1/scripts/rt/data/unisim_comp.v:81988]
INFO: [Synth 8-6155] done synthesizing module 'XOR2' (11#1) [C:/Xilinx/Vivado/2019.1/scripts/rt/data/unisim_comp.v:81988]
INFO: [Synth 8-6157] synthesizing module 'FDCE' [C:/Xilinx/Vivado/2019.1/scripts/rt/data/unisim_comp.v:13448]
	Parameter INIT bound to: 1'b0 
	Parameter IS_CLR_INVERTED bound to: 1'b0 
	Parameter IS_C_INVERTED bound to: 1'b0 
	Parameter IS_D_INVERTED bound to: 1'b0 
INFO: [Synth 8-6155] done synthesizing module 'FDCE' (12#1) [C:/Xilinx/Vivado/2019.1/scripts/rt/data/unisim_comp.v:13448]
INFO: [Synth 8-6155] done synthesizing module 'FTCE_MXILINX_clkcntrl4' (13#1) [C:/Users/19722/Desktop/project_3/project_3.srcs/sources_1/imports/Desktop/lab3_digsel.v:264]
INFO: [Synth 8-6157] synthesizing module 'AND4' [C:/Xilinx/Vivado/2019.1/scripts/rt/data/unisim_comp.v:562]
INFO: [Synth 8-6155] done synthesizing module 'AND4' (14#1) [C:/Xilinx/Vivado/2019.1/scripts/rt/data/unisim_comp.v:562]
INFO: [Synth 8-6157] synthesizing module 'AND3' [C:/Xilinx/Vivado/2019.1/scripts/rt/data/unisim_comp.v:514]
INFO: [Synth 8-6155] done synthesizing module 'AND3' (15#1) [C:/Xilinx/Vivado/2019.1/scripts/rt/data/unisim_comp.v:514]
INFO: [Synth 8-6157] synthesizing module 'AND2' [C:/Xilinx/Vivado/2019.1/scripts/rt/data/unisim_comp.v:466]
INFO: [Synth 8-6155] done synthesizing module 'AND2' (16#1) [C:/Xilinx/Vivado/2019.1/scripts/rt/data/unisim_comp.v:466]
INFO: [Synth 8-6157] synthesizing module 'VCC' [C:/Xilinx/Vivado/2019.1/scripts/rt/data/unisim_comp.v:81391]
INFO: [Synth 8-6155] done synthesizing module 'VCC' (17#1) [C:/Xilinx/Vivado/2019.1/scripts/rt/data/unisim_comp.v:81391]
INFO: [Synth 8-6155] done synthesizing module 'CB4CE_MXILINX_clkcntrl4' (18#1) [C:/Users/19722/Desktop/project_3/project_3.srcs/sources_1/imports/Desktop/lab3_digsel.v:294]
INFO: [Synth 8-6157] synthesizing module 'BUF' [C:/Xilinx/Vivado/2019.1/scripts/rt/data/unisim_comp.v:1021]
INFO: [Synth 8-6155] done synthesizing module 'BUF' (19#1) [C:/Xilinx/Vivado/2019.1/scripts/rt/data/unisim_comp.v:1021]
INFO: [Synth 8-6155] done synthesizing module 'clkcntrl4' (20#1) [C:/Users/19722/Desktop/project_3/project_3.srcs/sources_1/imports/Desktop/lab3_digsel.v:157]
WARNING: [Synth 8-4446] all outputs are unconnected for this instance and logic may be removed [C:/Users/19722/Desktop/project_3/project_3.srcs/sources_1/imports/Desktop/lab3_digsel.v:245]
INFO: [Synth 8-6157] synthesizing module 'STARTUPE2' [C:/Xilinx/Vivado/2019.1/scripts/rt/data/unisim_comp.v:77870]
	Parameter PROG_USR bound to: FALSE - type: string 
	Parameter SIM_CCLK_FREQ bound to: 0.000000 - type: float 
INFO: [Synth 8-6155] done synthesizing module 'STARTUPE2' (21#1) [C:/Xilinx/Vivado/2019.1/scripts/rt/data/unisim_comp.v:77870]
INFO: [Synth 8-6155] done synthesizing module 'lab3_digsel' (22#1) [C:/Users/19722/Desktop/project_3/project_3.srcs/sources_1/imports/Desktop/lab3_digsel.v:232]
INFO: [Synth 8-6157] synthesizing module 'm2_1x8' [C:/Users/19722/Desktop/project_3/project_3.srcs/sources_1/new/m2_1x8.v:2]
INFO: [Synth 8-6155] done synthesizing module 'm2_1x8' (23#1) [C:/Users/19722/Desktop/project_3/project_3.srcs/sources_1/new/m2_1x8.v:2]
WARNING: [Synth 8-689] width (7) of port connection 'o' does not match port width (8) of module 'm2_1x8' [C:/Users/19722/Desktop/project_3/project_3.srcs/sources_1/new/TopLevel.v:22]
INFO: [Synth 8-6155] done synthesizing module 'TopLevel' (24#1) [C:/Users/19722/Desktop/project_3/project_3.srcs/sources_1/new/TopLevel.v:2]
WARNING: [Synth 8-3917] design TopLevel has port dp driven by constant 1
WARNING: [Synth 8-3917] design TopLevel has port an[3] driven by constant 1
WARNING: [Synth 8-3917] design TopLevel has port an[2] driven by constant 1
---------------------------------------------------------------------------------
Finished RTL Elaboration : Time (s): cpu = 00:00:05 ; elapsed = 00:00:05 . Memory (MB): peak = 3690.316 ; gain = 184.547
---------------------------------------------------------------------------------

Report Check Netlist: 
+------+------------------+-------+---------+-------+------------------+
|      |Item              |Errors |Warnings |Status |Description       |
+------+------------------+-------+---------+-------+------------------+
|1     |multi_driven_nets |      0|        0|Passed |Multi driven nets |
+------+------------------+-------+---------+-------+------------------+
---------------------------------------------------------------------------------
Start Handling Custom Attributes
---------------------------------------------------------------------------------
---------------------------------------------------------------------------------
Finished Handling Custom Attributes : Time (s): cpu = 00:00:05 ; elapsed = 00:00:06 . Memory (MB): peak = 3710.242 ; gain = 204.473
---------------------------------------------------------------------------------
---------------------------------------------------------------------------------
Finished RTL Optimization Phase 1 : Time (s): cpu = 00:00:05 ; elapsed = 00:00:06 . Memory (MB): peak = 3710.242 ; gain = 204.473
---------------------------------------------------------------------------------
INFO: [Netlist 29-17] Analyzing 36 Unisim elements for replacement
INFO: [Netlist 29-28] Unisim Transformation completed in 0 CPU seconds
INFO: [Project 1-570] Preparing netlist for logic optimization
INFO: [Opt 31-140] Inserted 1 IBUFs to IO ports without IO buffers.
INFO: [Opt 31-141] Inserted 4 OBUFs to IO ports without IO buffers.

Processing XDC Constraints
Initializing timing engine
Parsing XDC File [C:/Users/19722/Desktop/project_3/project_3.srcs/constrs_1/imports/Desktop/Basys3_Master.xdc]
Finished Parsing XDC File [C:/Users/19722/Desktop/project_3/project_3.srcs/constrs_1/imports/Desktop/Basys3_Master.xdc]
Completed Processing XDC Constraints

INFO: [Opt 31-138] Pushed 0 inverter(s) to 0 load pin(s).
Netlist sorting complete. Time (s): cpu = 00:00:00 ; elapsed = 00:00:00 . Memory (MB): peak = 3833.047 ; gain = 0.000
INFO: [Project 1-111] Unisim Transformation Summary:
  A total of 34 instances were transformed.
  AND2 => LUT2: 8 instances
  AND3 => LUT3: 4 instances
  AND4 => LUT4: 4 instances
  BUF => LUT1: 2 instances
  XOR2 => LUT2: 16 instances

RTL Elaboration Complete:  : Time (s): cpu = 00:00:12 ; elapsed = 00:00:11 . Memory (MB): peak = 3833.047 ; gain = 327.277
55 Infos, 6 Warnings, 0 Critical Warnings and 0 Errors encountered.
synth_design completed successfully
synth_design: Time (s): cpu = 00:00:12 ; elapsed = 00:00:12 . Memory (MB): peak = 3833.047 ; gain = 327.277
ERROR: [Labtoolstcl 44-513] HW Target shutdown. Closing target: localhost:3121/xilinx_tcf/Digilent/210183A28377A
reset_run synth_1
WARNING: [Vivado 12-1017] Problems encountered:
1. Failed to delete one or more files in run directory C:/Users/19722/Desktop/project_3/project_3.runs/synth_1

launch_runs synth_1 -jobs 12
[Thu Apr 14 11:47:36 2022] Launched synth_1...
Run output will be captured here: C:/Users/19722/Desktop/project_3/project_3.runs/synth_1/runme.log
launch_runs impl_1 -jobs 12
[Thu Apr 14 11:48:58 2022] Launched impl_1...
Run output will be captured here: C:/Users/19722/Desktop/project_3/project_3.runs/impl_1/runme.log
current_design impl_1
refresh_design
INFO: [Netlist 29-17] Analyzing 9 Unisim elements for replacement
INFO: [Netlist 29-28] Unisim Transformation completed in 0 CPU seconds
INFO: [Project 1-479] Netlist was created with Vivado 2019.1
INFO: [Project 1-570] Preparing netlist for logic optimization
INFO: [Timing 38-478] Restoring timing data from binary archive.
INFO: [Timing 38-479] Binary timing data restore complete.
INFO: [Project 1-856] Restoring constraints from binary archive.
INFO: [Project 1-853] Binary constraint restore complete.
Reading XDEF placement.
Reading placer database...
Reading XDEF routing.
Read XDEF File: Time (s): cpu = 00:00:00 ; elapsed = 00:00:00.092 . Memory (MB): peak = 3833.047 ; gain = 0.000
Restored from archive | CPU: 0.000000 secs | Memory: 0.000000 MB |
Finished XDEF File Restore: Time (s): cpu = 00:00:00 ; elapsed = 00:00:00.092 . Memory (MB): peak = 3833.047 ; gain = 0.000
refresh_design: Time (s): cpu = 00:00:18 ; elapsed = 00:00:16 . Memory (MB): peak = 4021.359 ; gain = 188.312
launch_runs impl_1 -to_step write_bitstream -jobs 12
[Thu Apr 14 11:51:23 2022] Launched impl_1...
Run output will be captured here: C:/Users/19722/Desktop/project_3/project_3.runs/impl_1/runme.log
disconnect_hw_server localhost:3121
connect_hw_server
INFO: [Labtools 27-2285] Connecting to hw_server url TCP:localhost:3121
open_hw_target
INFO: [Labtoolstcl 44-466] Opening hw_target localhost:3121/xilinx_tcf/Digilent/210183A2837CA
current_hw_device [get_hw_devices xc7a35t_0]
refresh_hw_device -update_hw_probes false [lindex [get_hw_devices xc7a35t_0] 0]
INFO: [Labtools 27-1435] Device xc7a35t (JTAG device index = 0) is not programmed (DONE status = 0).
set_property PROBES.FILE {} [get_hw_devices xc7a35t_0]
set_property FULL_PROBES.FILE {} [get_hw_devices xc7a35t_0]
set_property PROGRAM.FILE {C:/Users/19722/Desktop/project_3/project_3.runs/impl_1/TopLevel.bit} [get_hw_devices xc7a35t_0]
program_hw_devices [get_hw_devices xc7a35t_0]
INFO: [Labtools 27-3164] End of startup status: HIGH
refresh_hw_device [lindex [get_hw_devices xc7a35t_0] 0]
INFO: [Labtools 27-1434] Device xc7a35t (JTAG device index = 0) is programmed with a design that has no supported debug core(s) in it.
set_property PROBES.FILE {} [get_hw_devices xc7a35t_0]
set_property FULL_PROBES.FILE {} [get_hw_devices xc7a35t_0]
set_property PROGRAM.FILE {C:/Users/19722/Desktop/project_3/project_3.runs/impl_1/TopLevel.bit} [get_hw_devices xc7a35t_0]
program_hw_devices [get_hw_devices xc7a35t_0]
INFO: [Labtools 27-3164] End of startup status: HIGH
refresh_hw_device [lindex [get_hw_devices xc7a35t_0] 0]
INFO: [Labtools 27-1434] Device xc7a35t (JTAG device index = 0) is programmed with a design that has no supported debug core(s) in it.
reset_run synth_1
WARNING: [Vivado 12-1017] Problems encountered:
1. Failed to delete one or more files in run directory C:/Users/19722/Desktop/project_3/project_3.runs/synth_1

launch_runs impl_1 -to_step write_bitstream -jobs 12
[Thu Apr 14 12:00:57 2022] Launched synth_1...
Run output will be captured here: C:/Users/19722/Desktop/project_3/project_3.runs/synth_1/runme.log
[Thu Apr 14 12:00:57 2022] Launched impl_1...
Run output will be captured here: C:/Users/19722/Desktop/project_3/project_3.runs/impl_1/runme.log
set_property PROBES.FILE {} [get_hw_devices xc7a35t_0]
set_property FULL_PROBES.FILE {} [get_hw_devices xc7a35t_0]
set_property PROGRAM.FILE {C:/Users/19722/Desktop/project_3/project_3.runs/impl_1/TopLevel.bit} [get_hw_devices xc7a35t_0]
program_hw_devices [get_hw_devices xc7a35t_0]
INFO: [Labtools 27-3164] End of startup status: HIGH
refresh_hw_device [lindex [get_hw_devices xc7a35t_0] 0]
INFO: [Labtools 27-1434] Device xc7a35t (JTAG device index = 0) is programmed with a design that has no supported debug core(s) in it.
set_property PROBES.FILE {} [get_hw_devices xc7a35t_0]
set_property FULL_PROBES.FILE {} [get_hw_devices xc7a35t_0]
set_property PROGRAM.FILE {C:/Users/19722/Desktop/project_3/project_3.runs/impl_1/TopLevel.bit} [get_hw_devices xc7a35t_0]
program_hw_devices [get_hw_devices xc7a35t_0]
INFO: [Labtools 27-3164] End of startup status: HIGH
refresh_hw_device [lindex [get_hw_devices xc7a35t_0] 0]
INFO: [Labtools 27-1434] Device xc7a35t (JTAG device index = 0) is programmed with a design that has no supported debug core(s) in it.
ERROR: [Labtoolstcl 44-513] HW Target shutdown. Closing target: localhost:3121/xilinx_tcf/Digilent/210183A2837CA
disconnect_hw_server localhost:3121
connect_hw_server
INFO: [Labtools 27-2285] Connecting to hw_server url TCP:localhost:3121
open_hw_target
INFO: [Labtoolstcl 44-466] Opening hw_target localhost:3121/xilinx_tcf/Digilent/210183AA654BA
set_property PROGRAM.FILE {C:/Users/19722/Desktop/project_3/project_3.runs/impl_1/TopLevel.bit} [get_hw_devices xc7a35t_0]
current_hw_device [get_hw_devices xc7a35t_0]
refresh_hw_device -update_hw_probes false [lindex [get_hw_devices xc7a35t_0] 0]
INFO: [Labtools 27-1435] Device xc7a35t (JTAG device index = 0) is not programmed (DONE status = 0).
set_property PROBES.FILE {} [get_hw_devices xc7a35t_0]
set_property FULL_PROBES.FILE {} [get_hw_devices xc7a35t_0]
set_property PROGRAM.FILE {C:/Users/19722/Desktop/project_3/project_3.runs/impl_1/TopLevel.bit} [get_hw_devices xc7a35t_0]
program_hw_devices [get_hw_devices xc7a35t_0]
INFO: [Labtools 27-3164] End of startup status: HIGH
refresh_hw_device [lindex [get_hw_devices xc7a35t_0] 0]
INFO: [Labtools 27-1434] Device xc7a35t (JTAG device index = 0) is programmed with a design that has no supported debug core(s) in it.
ERROR: [Labtoolstcl 44-513] HW Target shutdown. Closing target: localhost:3121/xilinx_tcf/Digilent/210183AA654BA
launch_simulation
boost::filesystem::remove: The process cannot access the file because it is being used by another process: "C:/Users/19722/Desktop/project_3/project_3.sim/sim_1/behav/xsim/simulate.log"
relaunch_sim
INFO: [Vivado 12-5682] Launching behavioral simulation in 'C:/Users/19722/Desktop/project_3/project_3.sim/sim_1/behav/xsim'
INFO: [SIM-utils-51] Simulation object is 'sim_1'
INFO: [SIM-utils-54] Inspecting design source files for 'sim' in fileset 'sim_1'...
INFO: [USF-XSim-97] Finding global include files...
INFO: [USF-XSim-98] Fetching design files from 'sim_1'...
INFO: [USF-XSim-2] XSim::Compile design
INFO: [USF-XSim-61] Executing 'COMPILE and ANALYZE' step in 'C:/Users/19722/Desktop/project_3/project_3.sim/sim_1/behav/xsim'
"xvlog --incr --relax -prj sim_vlog.prj"
INFO: [VRFC 10-2263] Analyzing Verilog file "C:/Users/19722/Desktop/project_3/project_3.srcs/sources_1/new/FullAdder.v" into library xil_defaultlib
INFO: [VRFC 10-311] analyzing module FullAdder
INFO: [VRFC 10-2263] Analyzing Verilog file "C:/Users/19722/Desktop/project_3/project_3.srcs/sources_1/new/Incrementer.v" into library xil_defaultlib
INFO: [VRFC 10-311] analyzing module Incrementer
INFO: [VRFC 10-2263] Analyzing Verilog file "C:/Users/19722/Desktop/project_3/project_3.srcs/sources_1/new/TopLevel.v" into library xil_defaultlib
INFO: [VRFC 10-311] analyzing module TopLevel
INFO: [VRFC 10-2263] Analyzing Verilog file "C:/Users/19722/Desktop/project_3/project_3.srcs/sources_1/new/hex7seg.v" into library xil_defaultlib
INFO: [VRFC 10-311] analyzing module hex7seg
INFO: [VRFC 10-2263] Analyzing Verilog file "C:/Users/19722/Desktop/project_3/project_3.srcs/sources_1/imports/Desktop/lab3_digsel.v" into library xil_defaultlib
INFO: [VRFC 10-311] analyzing module clk_wiz_0
INFO: [VRFC 10-311] analyzing module clkcntrl4
INFO: [VRFC 10-311] analyzing module lab3_digsel
INFO: [VRFC 10-2458] undeclared symbol clk, assumed default net type wire [C:/Users/19722/Desktop/project_3/project_3.srcs/sources_1/imports/Desktop/lab3_digsel.v:237]
INFO: [VRFC 10-311] analyzing module FTCE_MXILINX_clkcntrl4
INFO: [VRFC 10-311] analyzing module CB4CE_MXILINX_clkcntrl4
INFO: [VRFC 10-2263] Analyzing Verilog file "C:/Users/19722/Desktop/project_3/project_3.srcs/sources_1/new/m2_1x8.v" into library xil_defaultlib
INFO: [VRFC 10-311] analyzing module m2_1x8
INFO: [VRFC 10-2263] Analyzing Verilog file "C:/Users/19722/Desktop/project_3/project_3.srcs/sources_1/new/m4_1.v" into library xil_defaultlib
INFO: [VRFC 10-311] analyzing module m4_1
INFO: [VRFC 10-2263] Analyzing Verilog file "C:/Users/19722/Desktop/project_3/project_3.srcs/sources_1/new/m8_1.v" into library xil_defaultlib
INFO: [VRFC 10-311] analyzing module m8_1
INFO: [VRFC 10-2263] Analyzing Verilog file "C:/Users/19722/Desktop/project_3/project_3.srcs/sim_1/new/sim.v" into library xil_defaultlib
INFO: [VRFC 10-311] analyzing module sim
INFO: [USF-XSim-69] 'compile' step finished in '4' seconds
INFO: [Vivado 12-5682] Launching behavioral simulation in 'C:/Users/19722/Desktop/project_3/project_3.sim/sim_1/behav/xsim'
INFO: [USF-XSim-3] XSim::Elaborate design
INFO: [USF-XSim-61] Executing 'ELABORATE' step in 'C:/Users/19722/Desktop/project_3/project_3.sim/sim_1/behav/xsim'
"xelab -wto c53d2accbaaa4a1080954e324e97a723 --incr --debug typical --relax --mt 2 -L xil_defaultlib -L unisims_ver -L unimacro_ver -L secureip --snapshot sim_behav xil_defaultlib.sim xil_defaultlib.glbl -log elaborate.log"
Vivado Simulator 2019.1
Copyright 1986-1999, 2001-2019 Xilinx, Inc. All Rights Reserved.
Running: C:/Xilinx/Vivado/2019.1/bin/unwrapped/win64.o/xelab.exe -wto c53d2accbaaa4a1080954e324e97a723 --incr --debug typical --relax --mt 2 -L xil_defaultlib -L unisims_ver -L unimacro_ver -L secureip --snapshot sim_behav xil_defaultlib.sim xil_defaultlib.glbl -log elaborate.log 
Using 2 slave threads.
Starting static elaboration
WARNING: [VRFC 10-3091] actual bit length 7 differs from formal bit length 8 for port 'in0' [C:/Users/19722/Desktop/project_3/project_3.srcs/sources_1/new/TopLevel.v:22]
Completed static elaboration
Starting simulation data flow analysis
Completed simulation data flow analysis
Time Resolution for simulation is 1ps
Compiling module xil_defaultlib.m4_1
Compiling module xil_defaultlib.FullAdder
Compiling module xil_defaultlib.Incrementer
Compiling module xil_defaultlib.m8_1
Compiling module xil_defaultlib.hex7seg
Compiling module unisims_ver.IBUF
Compiling module unisims_ver.MMCME2_ADV(CLKFBOUT_MULT_F=9.125...
Compiling module unisims_ver.BUFG
Compiling module xil_defaultlib.clk_wiz_0
Compiling module unisims_ver.GND
Compiling module unisims_ver.x_lut2_mux4
Compiling module unisims_ver.LUT2
Compiling module unisims_ver.XOR2
Compiling module unisims_ver.FDCE_default
Compiling module xil_defaultlib.FTCE_MXILINX_clkcntrl4
Compiling module unisims_ver.LUT4
Compiling module unisims_ver.AND4
Compiling module unisims_ver.x_lut3_mux8
Compiling module unisims_ver.LUT3
Compiling module unisims_ver.AND3
Compiling module unisims_ver.AND2
Compiling module unisims_ver.VCC
Compiling module xil_defaultlib.CB4CE_MXILINX_clkcntrl4
Compiling module unisims_ver.BUF
Compiling module xil_defaultlib.clkcntrl4
Compiling module unisims_ver.STARTUPE2
Compiling module xil_defaultlib.lab3_digsel
Compiling module xil_defaultlib.m2_1x8
Compiling module xil_defaultlib.TopLevel
Compiling module xil_defaultlib.sim
Compiling module xil_defaultlib.glbl
Built simulation snapshot sim_behav
run_program: Time (s): cpu = 00:00:00 ; elapsed = 00:00:08 . Memory (MB): peak = 4239.777 ; gain = 0.000
INFO: [USF-XSim-69] 'elaborate' step finished in '8' seconds
launch_simulation: Time (s): cpu = 00:00:00 ; elapsed = 00:00:08 . Memory (MB): peak = 4239.777 ; gain = 0.000
Vivado Simulator 2019.1
Time resolution is 1 ps
ERROR: [Labtools 27-1832] create_wave_config not a supported tcl command in labtools hardware mode. Default wave configurations are automatically created when triggering an ILA core.
relaunch_sim: Time (s): cpu = 00:00:05 ; elapsed = 00:00:19 . Memory (MB): peak = 4239.777 ; gain = 0.000
set_property SOURCE_SET sources_1 [get_filesets sim_1]
close [ open C:/Users/19722/Desktop/project_3/project_3.srcs/sim_1/new/sim2.v w ]
add_files -fileset sim_1 C:/Users/19722/Desktop/project_3/project_3.srcs/sim_1/new/sim2.v
update_compile_order -fileset sim_1
set_property is_enabled false [get_files  C:/Users/19722/Desktop/project_3/project_3.srcs/sim_1/new/sim.v]
update_compile_order -fileset sim_1
launch_simulation
boost::filesystem::remove: The process cannot access the file because it is being used by another process: "C:/Users/19722/Desktop/project_3/project_3.sim/sim_1/behav/xsim/simulate.log"
update_compile_order -fileset sim_1
export_ip_user_files -of_objects  [get_files C:/Users/19722/Desktop/project_3/project_3.srcs/sim_1/new/sim.v] -no_script -reset -force -quiet
remove_files  -fileset sim_1 C:/Users/19722/Desktop/project_3/project_3.srcs/sim_1/new/sim.v
close_sim
INFO: [Simtcl 6-16] Simulation closed
launch_simulation
INFO: [Vivado 12-5682] Launching behavioral simulation in 'C:/Users/19722/Desktop/project_3/project_3.sim/sim_1/behav/xsim'
INFO: [SIM-utils-51] Simulation object is 'sim_1'
INFO: [SIM-utils-54] Inspecting design source files for 'TopLevel' in fileset 'sim_1'...
INFO: [USF-XSim-97] Finding global include files...
INFO: [USF-XSim-98] Fetching design files from 'sim_1'...
INFO: [USF-XSim-2] XSim::Compile design
INFO: [USF-XSim-61] Executing 'COMPILE and ANALYZE' step in 'C:/Users/19722/Desktop/project_3/project_3.sim/sim_1/behav/xsim'
"xvlog --incr --relax -prj TopLevel_vlog.prj"
INFO: [VRFC 10-2263] Analyzing Verilog file "C:/Users/19722/Desktop/project_3/project_3.srcs/sources_1/new/FullAdder.v" into library xil_defaultlib
INFO: [VRFC 10-311] analyzing module FullAdder
INFO: [VRFC 10-2263] Analyzing Verilog file "C:/Users/19722/Desktop/project_3/project_3.srcs/sources_1/new/Incrementer.v" into library xil_defaultlib
INFO: [VRFC 10-311] analyzing module Incrementer
INFO: [VRFC 10-2263] Analyzing Verilog file "C:/Users/19722/Desktop/project_3/project_3.srcs/sources_1/new/hex7seg.v" into library xil_defaultlib
INFO: [VRFC 10-311] analyzing module hex7seg
INFO: [VRFC 10-2263] Analyzing Verilog file "C:/Users/19722/Desktop/project_3/project_3.srcs/sources_1/imports/Desktop/lab3_digsel.v" into library xil_defaultlib
INFO: [VRFC 10-311] analyzing module clk_wiz_0
INFO: [VRFC 10-311] analyzing module clkcntrl4
INFO: [VRFC 10-311] analyzing module lab3_digsel
INFO: [VRFC 10-2458] undeclared symbol clk, assumed default net type wire [C:/Users/19722/Desktop/project_3/project_3.srcs/sources_1/imports/Desktop/lab3_digsel.v:237]
INFO: [VRFC 10-311] analyzing module FTCE_MXILINX_clkcntrl4
INFO: [VRFC 10-311] analyzing module CB4CE_MXILINX_clkcntrl4
INFO: [VRFC 10-2263] Analyzing Verilog file "C:/Users/19722/Desktop/project_3/project_3.srcs/sources_1/new/m2_1x8.v" into library xil_defaultlib
INFO: [VRFC 10-311] analyzing module m2_1x8
INFO: [VRFC 10-2263] Analyzing Verilog file "C:/Users/19722/Desktop/project_3/project_3.srcs/sources_1/new/m4_1.v" into library xil_defaultlib
INFO: [VRFC 10-311] analyzing module m4_1
INFO: [VRFC 10-2263] Analyzing Verilog file "C:/Users/19722/Desktop/project_3/project_3.srcs/sources_1/new/m8_1.v" into library xil_defaultlib
INFO: [VRFC 10-311] analyzing module m8_1
INFO: [VRFC 10-2263] Analyzing Verilog file "C:/Users/19722/Desktop/project_3/project_3.srcs/sources_1/new/TopLevel.v" into library xil_defaultlib
INFO: [VRFC 10-311] analyzing module TopLevel
INFO: [USF-XSim-69] 'compile' step finished in '3' seconds
INFO: [USF-XSim-3] XSim::Elaborate design
INFO: [USF-XSim-61] Executing 'ELABORATE' step in 'C:/Users/19722/Desktop/project_3/project_3.sim/sim_1/behav/xsim'
"xelab -wto c53d2accbaaa4a1080954e324e97a723 --incr --debug typical --relax --mt 2 -L xil_defaultlib -L unisims_ver -L unimacro_ver -L secureip --snapshot TopLevel_behav xil_defaultlib.TopLevel xil_defaultlib.glbl -log elaborate.log"
Vivado Simulator 2019.1
Copyright 1986-1999, 2001-2019 Xilinx, Inc. All Rights Reserved.
Running: C:/Xilinx/Vivado/2019.1/bin/unwrapped/win64.o/xelab.exe -wto c53d2accbaaa4a1080954e324e97a723 --incr --debug typical --relax --mt 2 -L xil_defaultlib -L unisims_ver -L unimacro_ver -L secureip --snapshot TopLevel_behav xil_defaultlib.TopLevel xil_defaultlib.glbl -log elaborate.log 
Using 2 slave threads.
Starting static elaboration
WARNING: [VRFC 10-3091] actual bit length 7 differs from formal bit length 8 for port 'in0' [C:/Users/19722/Desktop/project_3/project_3.srcs/sources_1/new/TopLevel.v:22]
Completed static elaboration
Starting simulation data flow analysis
Completed simulation data flow analysis
Time Resolution for simulation is 1ps
Compiling module xil_defaultlib.m4_1
Compiling module xil_defaultlib.FullAdder
Compiling module xil_defaultlib.Incrementer
Compiling module xil_defaultlib.m8_1
Compiling module xil_defaultlib.hex7seg
Compiling module unisims_ver.IBUF
Compiling module unisims_ver.MMCME2_ADV(CLKFBOUT_MULT_F=9.125...
Compiling module unisims_ver.BUFG
Compiling module xil_defaultlib.clk_wiz_0
Compiling module unisims_ver.GND
Compiling module unisims_ver.x_lut2_mux4
Compiling module unisims_ver.LUT2
Compiling module unisims_ver.XOR2
Compiling module unisims_ver.FDCE_default
Compiling module xil_defaultlib.FTCE_MXILINX_clkcntrl4
Compiling module unisims_ver.LUT4
Compiling module unisims_ver.AND4
Compiling module unisims_ver.x_lut3_mux8
Compiling module unisims_ver.LUT3
Compiling module unisims_ver.AND3
Compiling module unisims_ver.AND2
Compiling module unisims_ver.VCC
Compiling module xil_defaultlib.CB4CE_MXILINX_clkcntrl4
Compiling module unisims_ver.BUF
Compiling module xil_defaultlib.clkcntrl4
Compiling module unisims_ver.STARTUPE2
Compiling module xil_defaultlib.lab3_digsel
Compiling module xil_defaultlib.m2_1x8
Compiling module xil_defaultlib.TopLevel
Compiling module xil_defaultlib.glbl
Built simulation snapshot TopLevel_behav
run_program: Time (s): cpu = 00:00:01 ; elapsed = 00:00:06 . Memory (MB): peak = 4239.777 ; gain = 0.000
INFO: [USF-XSim-69] 'elaborate' step finished in '7' seconds
INFO: [USF-XSim-4] XSim::Simulate design
INFO: [USF-XSim-61] Executing 'SIMULATE' step in 'C:/Users/19722/Desktop/project_3/project_3.sim/sim_1/behav/xsim'
INFO: [USF-XSim-98] *** Running xsim
   with args "TopLevel_behav -key {Behavioral:sim_1:Functional:TopLevel} -tclbatch {TopLevel.tcl} -log {simulate.log}"
INFO: [USF-XSim-8] Loading simulator feature
Vivado Simulator 2019.1
Time resolution is 1 ps
source TopLevel.tcl
# set curr_wave [current_wave_config]
# if { [string length $curr_wave] == 0 } {
#   if { [llength [get_objects]] > 0} {
#     add_wave /
#     set_property needs_save false [current_wave_config]
#   } else {
#      send_msg_id Add_Wave-1 WARNING "No top level signals found. Simulator will start without a wave window. If you want to open a wave window go to 'File->New Waveform Configuration' or type 'create_wave_config' in the TCL console."
#   }
# }
# run 1000ns
INFO: [USF-XSim-96] XSim completed. Design snapshot 'TopLevel_behav' loaded.
INFO: [USF-XSim-97] XSim simulation ran for 1000ns
launch_simulation: Time (s): cpu = 00:00:06 ; elapsed = 00:00:15 . Memory (MB): peak = 4239.777 ; gain = 0.000
update_compile_order -fileset sim_1
launch_simulation
boost::filesystem::remove: The process cannot access the file because it is being used by another process: "C:/Users/19722/Desktop/project_3/project_3.sim/sim_1/behav/xsim/simulate.log"
launch_simulation
boost::filesystem::remove: The process cannot access the file because it is being used by another process: "C:/Users/19722/Desktop/project_3/project_3.sim/sim_1/behav/xsim/simulate.log"
delete_fileset [ get_filesets sim_1 ]
ERROR: [Common 17-53] User Exception: Sorry, cannot delete an active fileset
export_ip_user_files -of_objects  [get_files C:/Users/19722/Desktop/project_3/project_3.srcs/sim_1/new/sim2.v] -no_script -reset -force -quiet
remove_files  -fileset sim_1 C:/Users/19722/Desktop/project_3/project_3.srcs/sim_1/new/sim2.v
export_ip_user_files -of_objects  [get_files C:/Users/19722/Desktop/project_3/project_3.srcs/sources_1/new/TopLevel.v] -no_script -reset -force -quiet
remove_files  C:/Users/19722/Desktop/project_3/project_3.srcs/sources_1/new/TopLevel.v
update_compile_order -fileset sources_1
archive_project C:/Users/19722/Desktop/project_3.xpr.zip -temp_dir C:/Users/19722/AppData/Roaming/Xilinx/Vivado/.Xil/Vivado-20176-Abs-PC -force -include_local_ip_cache
INFO: [Coretcl 2-137] starting archive...
INFO: [Coretcl 2-1499] Saving project copy to temporary location 'C:/Users/19722/AppData/Roaming/Xilinx/Vivado/.Xil/Vivado-20176-Abs-PC' for archiving project
Scanning sources...
Finished scanning sources
INFO: [Coretcl 2-1211] Creating project copy for archival...
INFO: [Coretcl 2-1213] Including run results for 'synth_1'
INFO: [Coretcl 2-1213] Including run results for 'impl_1'
