#-----------------------------------------------------------
# Vivado v2019.1 (64-bit)
# SW Build 2552052 on Fri May 24 14:49:42 MDT 2019
# IP Build 2548770 on Fri May 24 18:01:18 MDT 2019
# Start of session at: Fri Feb 17 16:17:37 2023
# Process ID: 13204
# Current directory: C:/Users/19722/Desktop/lab_4
# Command line: vivado.exe -gui_launcher_event rodinguilauncherevent22552 C:\Users\19722\Desktop\lab_4\lab_4.xpr
# Log file: C:/Users/19722/Desktop/lab_4/vivado.log
# Journal file: C:/Users/19722/Desktop/lab_4\vivado.jou
#-----------------------------------------------------------
start_gui
open_project C:/Users/19722/Desktop/lab_4/lab_4.xpr
Scanning sources...
Finished scanning sources
INFO: [IP_Flow 19-234] Refreshing IP repositories
INFO: [IP_Flow 19-1704] No user IP repositories specified
INFO: [IP_Flow 19-2313] Loaded Vivado IP repository 'C:/Xilinx/Vivado/2019.1/data/ip'.
open_project: Time (s): cpu = 00:00:15 ; elapsed = 00:00:06 . Memory (MB): peak = 754.039 ; gain = 99.953
exit
INFO: [Common 17-206] Exiting Vivado at Fri Feb 17 16:19:36 2023...
