INFO: [VRFC 10-2263] Analyzing Verilog file "C:/Users/19722/Desktop/project_6/project_6.srcs/sources_1/new/LSFR.v" into library xil_defaultlib
INFO: [VRFC 10-311] analyzing module LSFR
INFO: [VRFC 10-2263] Analyzing Verilog file "C:/Users/19722/Desktop/project_6/project_6.srcs/sources_1/new/Ring_Counter.v" into library xil_defaultlib
INFO: [VRFC 10-311] analyzing module Ring_Counter
INFO: [VRFC 10-2263] Analyzing Verilog file "C:/Users/19722/Desktop/project_6/project_6.srcs/sources_1/new/Selector.v" into library xil_defaultlib
INFO: [VRFC 10-311] analyzing module Selector
INFO: [VRFC 10-2263] Analyzing Verilog file "C:/Users/19722/Desktop/project_6/project_6.srcs/sources_1/new/State_Machine.v" into library xil_defaultlib
INFO: [VRFC 10-311] analyzing module SMachine_Logic
INFO: [VRFC 10-311] analyzing module State_Machine
INFO: [VRFC 10-2263] Analyzing Verilog file "C:/Users/19722/Desktop/project_6/project_6.srcs/sources_1/new/Target.v" into library xil_defaultlib
INFO: [VRFC 10-311] analyzing module Target
INFO: [VRFC 10-2263] Analyzing Verilog file "C:/Users/19722/Desktop/project_6/project_6.srcs/sources_1/new/TimeCounter.v" into library xil_defaultlib
INFO: [VRFC 10-311] analyzing module Time_Counter
INFO: [VRFC 10-2263] Analyzing Verilog file "C:/Users/19722/Desktop/project_6/project_6.srcs/sources_1/new/TopLevel.v" into library xil_defaultlib
INFO: [VRFC 10-311] analyzing module TopLevel
INFO: [VRFC 10-2263] Analyzing Verilog file "C:/Users/19722/Desktop/project_6/project_6.srcs/sources_1/new/countU16DL.v" into library xil_defaultlib
INFO: [VRFC 10-311] analyzing module countU16DL
INFO: [VRFC 10-2263] Analyzing Verilog file "C:/Users/19722/Desktop/project_6/project_6.srcs/sources_1/new/countUD4L.v" into library xil_defaultlib
INFO: [VRFC 10-311] analyzing module countUD4L
INFO: [VRFC 10-2263] Analyzing Verilog file "C:/Users/19722/Desktop/project_6/project_6.srcs/sources_1/new/edgeDetector.v" into library xil_defaultlib
INFO: [VRFC 10-311] analyzing module edgeDetector
INFO: [VRFC 10-2263] Analyzing Verilog file "C:/Users/19722/Desktop/project_6/project_6.srcs/sources_1/new/hex7seg.v" into library xil_defaultlib
INFO: [VRFC 10-311] analyzing module hex7seg
INFO: [VRFC 10-2263] Analyzing Verilog file "C:/Users/19722/Desktop/project_6/project_6.srcs/sources_1/imports/Desktop/labVGA_clks.v" into library xil_defaultlib
INFO: [VRFC 10-311] analyzing module labVGA_clks
INFO: [VRFC 10-311] analyzing module clk_wiz_0
INFO: [VRFC 10-311] analyzing module clkcntrl4
INFO: [VRFC 10-311] analyzing module FTCE_MXILINX_clkcntrl4
INFO: [VRFC 10-311] analyzing module CB4CE_MXILINX_clkcntrl4
INFO: [VRFC 10-2263] Analyzing Verilog file "C:/Users/19722/Desktop/project_6/project_6.srcs/sources_1/new/shipStateMachine.v" into library xil_defaultlib
INFO: [VRFC 10-311] analyzing module shipSMachine_Logic
INFO: [VRFC 10-311] analyzing module shipState_Machine
INFO: [VRFC 10-2263] Analyzing Verilog file "C:/Users/19722/Desktop/project_6/project_6.srcs/sim_1/imports/Desktop/test3.v" into library xil_defaultlib
INFO: [VRFC 10-311] analyzing module testSyncs
INFO: [VRFC 10-311] analyzing module check_the_sync_signals
INFO: [VRFC 10-311] analyzing module check_the_rgb_signals
INFO: [VRFC 10-2263] Analyzing Verilog file "C:/Users/19722/Desktop/project_6/project_6.sim/sim_1/behav/xsim/glbl.v" into library xil_defaultlib
INFO: [VRFC 10-311] analyzing module glbl
