#-----------------------------------------------------------
# Vivado v2019.1 (64-bit)
# SW Build 2552052 on Fri May 24 14:49:42 MDT 2019
# IP Build 2548770 on Fri May 24 18:01:18 MDT 2019
# Start of session at: Thu Jan 19 16:02:33 2023
# Process ID: 1948
# Current directory: C:/Users/19722/Desktop/New folder (2)
# Command line: vivado.exe -gui_launcher_event rodinguilauncherevent19484 C:\Users\19722\Desktop\New folder (2)\project_2.xpr
# Log file: C:/Users/19722/Desktop/New folder (2)/vivado.log
# Journal file: C:/Users/19722/Desktop/New folder (2)\vivado.jou
#-----------------------------------------------------------
start_gui
open_project C:/Users/19722/Desktop/project_1/project_1.xpr
Scanning sources...
Finished scanning sources
INFO: [IP_Flow 19-234] Refreshing IP repositories
INFO: [IP_Flow 19-1704] No user IP repositories specified
INFO: [IP_Flow 19-2313] Loaded Vivado IP repository 'C:/Xilinx/Vivado/2019.1/data/ip'.
update_compile_order -fileset sources_1
exit
INFO: [Common 17-206] Exiting Vivado at Thu Jan 19 16:03:50 2023...
