Copyright 1986-2019 Xilinx, Inc. All Rights Reserved.
-------------------------------------------------------------------------------------
| Tool Version : Vivado v.2019.1 (win64) Build 2552052 Fri May 24 14:49:42 MDT 2019
| Date         : Sun Mar 19 19:48:09 2023
| Host         : Abs-PC running 64-bit major release  (build 9200)
| Command      : report_control_sets -verbose -file TopLevel_control_sets_placed.rpt
| Design       : TopLevel
| Device       : xc7a35t
-------------------------------------------------------------------------------------

Control Set Information

Table of Contents
-----------------
1. Summary
2. Histogram
3. Flip-Flop Distribution
4. Detailed Control Set Information

1. Summary
----------

+----------------------------------------------------------+-------+
|                          Status                          | Count |
+----------------------------------------------------------+-------+
| Total control sets                                       |    49 |
|    Minimum number of control sets                        |    49 |
|    Addition due to synthesis replication                 |     0 |
|    Addition due to physical synthesis replication        |     0 |
| Unused register locations in slices containing registers |   209 |
+----------------------------------------------------------+-------+
* Control sets can be merged at opt_design using control_set_merge or merge_equivalent_drivers
** Run report_qor_suggestions for automated merging and remapping suggestions


2. Histogram
------------

+--------------------+-------+
|       Fanout       | Count |
+--------------------+-------+
| Total control sets |    49 |
| >= 0 to < 4        |    13 |
| >= 4 to < 6        |    30 |
| >= 6 to < 8        |     5 |
| >= 8 to < 10       |     0 |
| >= 10 to < 12      |     0 |
| >= 12 to < 14      |     0 |
| >= 14 to < 16      |     0 |
| >= 16              |     1 |
+--------------------+-------+
* Control sets can be remapped at either synth_design or opt_design


3. Flip-Flop Distribution
-------------------------

+--------------+-----------------------+------------------------+-----------------+--------------+
| Clock Enable | Synchronous Set/Reset | Asynchronous Set/Reset | Total Registers | Total Slices |
+--------------+-----------------------+------------------------+-----------------+--------------+
| No           | No                    | No                     |              66 |           36 |
| No           | No                    | Yes                    |               0 |            0 |
| No           | Yes                   | No                     |               0 |            0 |
| Yes          | No                    | No                     |              97 |           42 |
| Yes          | No                    | Yes                    |               0 |            0 |
| Yes          | Yes                   | No                     |              84 |           41 |
+--------------+-----------------------+------------------------+-----------------+--------------+


4. Detailed Control Set Information
-----------------------------------

+------------------------------+-----------------------------------------+--------------------------------+------------------+----------------+
|         Clock Signal         |              Enable Signal              |        Set/Reset Signal        | Slice Load Count | Bel Load Count |
+------------------------------+-----------------------------------------+--------------------------------+------------------+----------------+
|  not_so_slow/slowclk/clk_out | shipVmove2/count2/CE                    | timeCounter2/count2/shipReset2 |                1 |              2 |
|  not_so_slow/slowclk/clk_out | timeCounter/count2/CE                   | shipVmove/count3/resetTimer    |                1 |              2 |
|  not_so_slow/slowclk/clk_out | shipVmove3/count2/CE                    | timeCounter2/count2/shipReset3 |                2 |              2 |
|  not_so_slow/slowclk/clk_out | playerHmove/count1/CE_0                 |                                |                1 |              2 |
|  not_so_slow/slowclk/clk_out | Horizontal/count2/CE_0                  |                                |                1 |              2 |
|  not_so_slow/slowclk/clk_out | flash/count2/CE                         |                                |                1 |              2 |
|  not_so_slow/slowclk/clk_out | timeCounter2/count2/CE                  | shipVmove2/count3/resetTimer2  |                1 |              2 |
|  not_so_slow/slowclk/clk_out | timeCounterShip/count2/CE               | shipState/shipResetTimer       |                1 |              2 |
|  not_so_slow/slowclk/clk_out | shipVmove5/count2/CE                    | timeCounter2/count2/shipReset5 |                1 |              2 |
|  not_so_slow/slowclk/clk_out | shipVmove4/count2/CE                    | timeCounter2/count2/shipReset4 |                1 |              2 |
|  not_so_slow/slowclk/clk_out | Vertical/count2/CE                      |                                |                1 |              2 |
|  not_so_slow/slowclk/clk_out | shipVmove/count2/CE                     | timeCounter/count2/led_OBUF[0] |                1 |              2 |
|  not_so_slow/slowclk/clk_out | playerVmove/count1/CE_0                 |                                |                1 |              2 |
|  not_so_slow/slowclk/clk_out | shipVmove2/count1/CE                    | timeCounter2/count2/shipReset2 |                2 |              4 |
|  not_so_slow/slowclk/clk_out | shipVmove4/count1/CE                    | timeCounter2/count2/shipReset4 |                2 |              4 |
|  not_so_slow/slowclk/clk_out | Horizontal/count2/CE                    |                                |                2 |              4 |
|  not_so_slow/slowclk/clk_out | shipVmove2/count2/Up040_out             | timeCounter2/count2/shipReset2 |                2 |              4 |
|  not_so_slow/slowclk/clk_out | not_so_slow/slowclk/XLXI_45/CEO         |                                |                1 |              4 |
|  not_so_slow/slowclk/clk_out | Vertical/count1/CE_0                    |                                |                2 |              4 |
|  not_so_slow/slowclk/clk_out | flash/count1/CE                         |                                |                2 |              4 |
|  not_so_slow/slowclk/clk_out | timeCounterShip/count1/CE               | shipState/shipResetTimer       |                2 |              4 |
|  not_so_slow/slowclk/clk_out | shipVmove4/count2/Up020_out             | timeCounter2/count2/shipReset4 |                1 |              4 |
|  not_so_slow/slowclk/clk_out | Horizontal/count1/CE                    |                                |                1 |              4 |
|  not_so_slow/slowclk/clk_out | smach/Up0                               | scoreCounter/reset0            |                1 |              4 |
|  not_so_slow/slowclk/clk_out | shipVmove5/count1/CE                    | timeCounter2/count2/shipReset5 |                1 |              4 |
|  not_so_slow/slowclk/clk_out | timeCounter/count1/CE                   | shipVmove/count3/resetTimer    |                2 |              4 |
|  not_so_slow/slowclk/clk_out | timeCounter2/count1/CE                  | shipVmove2/count3/resetTimer2  |                3 |              4 |
|  not_so_slow/slowclk/clk_out | not_so_slow/slowclk/XLXI_38/I_36_31_n_0 |                                |                2 |              4 |
|  not_so_slow/slowclk/clk_out | shipVmove5/count2/Up012_out             | timeCounter2/count2/shipReset5 |                2 |              4 |
|  not_so_slow/slowclk/clk_out | playerHmove/count1/CE_2                 |                                |                1 |              4 |
|  not_so_slow/slowclk/clk_out | shipVmove3/count1/CE                    | timeCounter2/count2/shipReset3 |                1 |              4 |
|  not_so_slow/slowclk/clk_out | shipVmove3/count2/Up028_out             | timeCounter2/count2/shipReset3 |                2 |              4 |
|  not_so_slow/slowclk/clk_out | playerVmove/count1/CE_1                 |                                |                1 |              4 |
|  not_so_slow/slowclk/clk_out | shipVmove/count1/CE                     | timeCounter/count2/led_OBUF[0] |                2 |              4 |
|  not_so_slow/slowclk/clk_out | not_so_slow/slowclk/XLXI_40/CEO         |                                |                2 |              4 |
|  not_so_slow/slowclk/clk_out | shipVmove/count2/QFF[1]                 | timeCounter/count2/led_OBUF[0] |                2 |              4 |
|  not_so_slow/slowclk/clk_out | not_so_slow/slowclk/XLXI_39/CEO         |                                |                2 |              4 |
|  not_so_slow/slowclk/clk_out | frameEdge/frame                         |                                |                1 |              4 |
|  not_so_slow/slowclk/clk_out | frameEdge/frame                         | shipVmove2/count3/resetTimer2  |                2 |              4 |
|  not_so_slow/slowclk/clk_out | frameEdge/frame                         | shipState/shipResetTimer       |                3 |              4 |
|  not_so_slow/slowclk/clk_out | frameEdge/frame                         | shipVmove/count3/resetTimer    |                2 |              4 |
|  not_so_slow/slowclk/clk_out | frameEdge/CE                            |                                |                2 |              4 |
|  not_so_slow/slowclk/clk_out | frameEdge/CE_0                          |                                |                2 |              4 |
|  not_so_slow/slowclk/clk_out | smach4/loadTarget4                      |                                |                4 |              7 |
|  not_so_slow/slowclk/clk_out | smach/loadTarget                        |                                |                3 |              7 |
|  not_so_slow/slowclk/clk_out | smach2/loadTarget2                      |                                |                2 |              7 |
|  not_so_slow/slowclk/clk_out | smach5/loadTarget5                      |                                |                2 |              7 |
|  not_so_slow/slowclk/clk_out | smach3/loadTarget3                      |                                |                5 |              7 |
|  not_so_slow/slowclk/clk_out |                                         |                                |               36 |             66 |
+------------------------------+-----------------------------------------+--------------------------------+------------------+----------------+


