#-----------------------------------------------------------
# Vivado v2019.1 (64-bit)
# SW Build 2552052 on Fri May 24 14:49:42 MDT 2019
# IP Build 2548770 on Fri May 24 18:01:18 MDT 2019
# Start of session at: Mon Mar  6 18:04:25 2023
# Process ID: 6524
# Current directory: C:/Users/19722/Desktop/Lab_5
# Command line: vivado.exe -gui_launcher_event rodinguilauncherevent21660 C:\Users\19722\Desktop\Lab_5\Lab_5.xpr
# Log file: C:/Users/19722/Desktop/Lab_5/vivado.log
# Journal file: C:/Users/19722/Desktop/Lab_5\vivado.jou
#-----------------------------------------------------------
start_gui
open_project C:/Users/19722/Desktop/Lab_5/Lab_5.xpr
Scanning sources...
Finished scanning sources
INFO: [IP_Flow 19-234] Refreshing IP repositories
INFO: [IP_Flow 19-1704] No user IP repositories specified
INFO: [IP_Flow 19-2313] Loaded Vivado IP repository 'C:/Xilinx/Vivado/2019.1/data/ip'.
open_project: Time (s): cpu = 00:00:14 ; elapsed = 00:00:05 . Memory (MB): peak = 742.383 ; gain = 67.551
update_compile_order -fileset sources_1
exit
INFO: [Common 17-206] Exiting Vivado at Mon Mar  6 19:01:11 2023...
