#-----------------------------------------------------------
# Vivado v2019.1 (64-bit)
# SW Build 2552052 on Fri May 24 14:49:42 MDT 2019
# IP Build 2548770 on Fri May 24 18:01:18 MDT 2019
# Start of session at: Sun Mar 19 18:14:41 2023
# Process ID: 25792
# Current directory: C:/Users/19722/Desktop/Lab_5
# Command line: vivado.exe -gui_launcher_event rodinguilauncherevent2440 C:\Users\19722\Desktop\Lab_5\Lab_5.xpr
# Log file: C:/Users/19722/Desktop/Lab_5/vivado.log
# Journal file: C:/Users/19722/Desktop/Lab_5\vivado.jou
#-----------------------------------------------------------
start_gui
open_project C:/Users/19722/Desktop/Lab_5/Lab_5.xpr
Scanning sources...
Finished scanning sources
INFO: [IP_Flow 19-234] Refreshing IP repositories
INFO: [IP_Flow 19-1704] No user IP repositories specified
INFO: [IP_Flow 19-2313] Loaded Vivado IP repository 'C:/Xilinx/Vivado/2019.1/data/ip'.
open_project: Time (s): cpu = 00:00:15 ; elapsed = 00:00:05 . Memory (MB): peak = 743.242 ; gain = 68.879
update_compile_order -fileset sources_1
exit
INFO: [Common 17-206] Exiting Vivado at Sun Mar 19 22:51:05 2023...
